Log file open, 06/29/17 03:33:12
LogInit:Display: Running engine for game: UnrealOculusTFM
LogPlatformFile: Not using cached read wrapper
LogInit:Display: RandInit(699887437) SRandInit(699887437).
LogTaskGraph: Started task graph with 5 named threads and 8 total threads with 1 sets of task threads.
LogStats: Stats thread started at 0.071898
LogInit: Using libcurl 7.47.1
LogInit:  - built for x86_64-pc-win32
LogInit:  - supports SSL with OpenSSL/1.0.2g
LogInit:  - supports HTTP deflate (compression) using libz 1.2.8
LogInit:  - other features:
LogInit:      CURL_VERSION_SSL
LogInit:      CURL_VERSION_LIBZ
LogInit:      CURL_VERSION_IPV6
LogInit:      CURL_VERSION_ASYNCHDNS
LogInit:      CURL_VERSION_LARGEFILE
LogInit:      CURL_VERSION_IDN
LogInit:  CurlRequestOptions (configurable via config and command line):
LogInit:  - bVerifyPeer = false  - Libcurl will NOT verify peer certificate
LogInit:  - bUseHttpProxy = false  - Libcurl will NOT use HTTP proxy
LogInit:  - bDontReuseConnections = false  - Libcurl will reuse connections
LogInit:  - CertBundlePath = nullptr  - Libcurl will use whatever was configured at build time.
LogInit: Build: ++UE4+Release-4.15-CL-3450819
LogInit: Engine Version: 4.15.3-3450819+++UE4+Release-4.15
LogInit: Compatible Engine Version: 4.15.0-3299760+++UE4+Release-4.15
LogInit: Net CL: 3299760
LogDevObjectVersion: Number of dev versions registered: 14
LogDevObjectVersion:   Dev-Blueprints (B0D832E4-1F89-4F0D-ACCF-7EB736FD4AA2): 8
LogDevObjectVersion:   Dev-Build (E1C64328-A22C-4D53-A36C-8E866417BD8C): 0
LogDevObjectVersion:   Dev-Core (375EC13C-06E4-48FB-B500-84F0262A717E): 2
LogDevObjectVersion:   Dev-Editor (E4B068ED-F494-42E9-A231-DA0B2E46BB41): 14
LogDevObjectVersion:   Dev-Framework (CFFC743F-43B0-4480-9391-14DF171D2073): 22
LogDevObjectVersion:   Dev-Mobile (B02B49B5-BB20-44E9-A304-32B752E40360): 0
LogDevObjectVersion:   Dev-Networking (A4E4105C-59A1-49B5-A7C5-40C4547EDFEE): 0
LogDevObjectVersion:   Dev-Online (39C831C9-5AE6-47DC-9A44-9C173E1C8E7C): 0
LogDevObjectVersion:   Dev-Physics (78F01B33-EBEA-4F98-B9B4-84EACCB95AA2): 0
LogDevObjectVersion:   Dev-Platform (6631380F-2D4D-43E0-8009-CF276956A95A): 0
LogDevObjectVersion:   Dev-Rendering (12F88B9F-8875-4AFC-A67C-D90C383ABD29): 12
LogDevObjectVersion:   Dev-Sequencer (7B5AE74C-D270-4C10-A958-57980B212A5A): 3
LogDevObjectVersion:   Dev-VR (D7296918-1DD6-4BDD-9DE2-64A83CC13884): 0
LogDevObjectVersion:   Dev-LoadTimes (C2A15278-BFE7-4AFE-6C17-90FF531DF755): 1
LogInit: Compiled (64-bit): May 21 2017 11:02:34
LogInit: Compiled with Visual C++: 19.00.23026.00
LogInit: Build Configuration: Development
LogInit: Branch Name: ++UE4+Release-4.15
LogInit: Command line: -EpicPortal 
LogInit: Base directory: D:/Epic Games/UE_4.15/Engine/Binaries/Win64/
LogInit: Installed Engine Build: 1
LogInit: Presizing for max 8388607 objects, including 0 objects not considered by GC, pre-allocating 0 bytes for permanent pool.
LogInit: Object subsystem initialized
[2017.06.29-01.33.12:988][  0]LogConsoleManager:Display: Setting the console variable 'r.RHICmdBypass' with 'SetByProjectSetting' was ignored as it is lower priority than the previous 'SetBySystemSettingsIni'. Value remains '1'
[2017.06.29-01.33.12:990][  0]LogInit: Selected Device Profile: [Windows]
[2017.06.29-01.33.12:990][  0]LogInit: Applying CVar settings loaded from the selected device profile: [Windows]
[2017.06.29-01.33.12:998][  0]LogInit: Computer: CARLOS-PC
[2017.06.29-01.33.12:998][  0]LogInit: User: Carlos
[2017.06.29-01.33.12:998][  0]LogInit: CPU Page size=65536, Cores=4
[2017.06.29-01.33.12:998][  0]LogInit: High frequency timer resolution =3.906251 MHz
[2017.06.29-01.33.12:998][  0]LogMemory: Memory total: Physical=15.9GB (16GB approx)
[2017.06.29-01.33.12:998][  0]LogMemory: Platform Memory Stats for Windows
[2017.06.29-01.33.12:998][  0]LogMemory: Process Physical Memory: 264.39 MB used, 264.39 MB peak
[2017.06.29-01.33.12:998][  0]LogMemory: Process Virtual Memory: 262.32 MB used, 262.32 MB peak
[2017.06.29-01.33.12:998][  0]LogMemory: Physical Memory: 6302.90 MB used,  10029.71 MB free, 16332.61 MB total
[2017.06.29-01.33.12:998][  0]LogMemory: Virtual Memory: 631.06 MB used,  10029.71 MB free, 134217728.00 MB total
[2017.06.29-01.33.13:065][  0]LogInit: Overriding culture en with editor configuration.
[2017.06.29-01.33.13:620][  0]LogD3D11RHI: D3D11 adapters:
[2017.06.29-01.33.14:227][  0]LogD3D11RHI:    0. 'NVIDIA GeForce GTX 1070' (Feature Level 11_0)
[2017.06.29-01.33.14:227][  0]LogD3D11RHI:       8119/0/8166 MB DedicatedVideo/DedicatedSystem/SharedSystem, Outputs:1, VendorId:0x10de
[2017.06.29-01.33.14:228][  0]LogD3D11RHI:    1. 'Microsoft Basic Render Driver' (Feature Level 11_0)
[2017.06.29-01.33.14:228][  0]LogD3D11RHI:       0/0/8166 MB DedicatedVideo/DedicatedSystem/SharedSystem, Outputs:0, VendorId:0x1414
[2017.06.29-01.33.14:228][  0]LogD3D11RHI: Chosen D3D11 Adapter: 0
[2017.06.29-01.33.14:235][  0]LogD3D11RHI: Creating new Direct3DDevice
[2017.06.29-01.33.14:235][  0]LogD3D11RHI:     GPU DeviceId: 0x1b81 (for the marketing name, search the web for "GPU Device Id")
[2017.06.29-01.33.14:236][  0]LogWindows: EnumDisplayDevices:
[2017.06.29-01.33.14:236][  0]LogWindows:    0. 'NVIDIA GeForce GTX 1070' (P:1 D:1)
[2017.06.29-01.33.14:236][  0]LogWindows:    1. 'NVIDIA GeForce GTX 1070' (P:0 D:0)
[2017.06.29-01.33.14:236][  0]LogWindows:    2. 'NVIDIA GeForce GTX 1070' (P:0 D:0)
[2017.06.29-01.33.14:236][  0]LogWindows:    3. 'NVIDIA GeForce GTX 1070' (P:0 D:0)
[2017.06.29-01.33.14:236][  0]LogWindows: DebugString: FoundDriverCount:4 
[2017.06.29-01.33.14:236][  0]LogD3D11RHI:     Adapter Name: NVIDIA GeForce GTX 1070
[2017.06.29-01.33.14:236][  0]LogD3D11RHI:   Driver Version: 382.53 (internal:22.21.13.8253, unified:382.53)
[2017.06.29-01.33.14:236][  0]LogD3D11RHI:      Driver Date: 6-7-2017
[2017.06.29-01.33.14:236][  0]LogRHI: Texture pool is 1361 MB (70% of 1945 MB)
[2017.06.29-01.33.14:741][  0]LogD3D11RHI: Async texture creation enabled
[2017.06.29-01.33.14:767][  0]LogD3D11RHI: GPU Timing Frequency: 1000.000000 (Debug: 2 1)
[2017.06.29-01.33.14:816][  0]LogShaderCompilers: Guid format shader working directory is -10 characters bigger than the processId version (C:/Users/Carlos/Documents/Unreal Projects/UnrealOculusTFM/Intermediate/Shaders/WorkingDirectory/3268/).
[2017.06.29-01.33.14:816][  0]LogShaderCompilers: Cleaned the shader compiler working directory 'C:/Users/Carlos/AppData/Local/Temp/UnrealShaderWorkingDir/0272F2114C6C163A589036B0D142E6B2/'.
[2017.06.29-01.33.14:816][  0]LogShaderCompilers:Display: Using Local Shader Compiler.
[2017.06.29-01.33.15:682][  0]LogTemp:Display: Loaded TP AllDesktopTargetPlatform
[2017.06.29-01.33.15:720][  0]LogTemp:Display: Loaded TP MacClientTargetPlatform
[2017.06.29-01.33.15:758][  0]LogTemp:Display: Loaded TP MacNoEditorTargetPlatform
[2017.06.29-01.33.15:797][  0]LogTemp:Display: Loaded TP MacServerTargetPlatform
[2017.06.29-01.33.15:836][  0]LogTemp:Display: Loaded TP MacTargetPlatform
[2017.06.29-01.33.15:874][  0]LogTemp:Display: Loaded TP WindowsClientTargetPlatform
[2017.06.29-01.33.15:915][  0]LogTemp:Display: Loaded TP WindowsNoEditorTargetPlatform
[2017.06.29-01.33.15:955][  0]LogTemp:Display: Loaded TP WindowsServerTargetPlatform
[2017.06.29-01.33.15:986][  0]LogTemp:Display: Loaded TP WindowsTargetPlatform
[2017.06.29-01.33.16:023][  0]LogTemp:Display: Loaded TP AndroidTargetPlatform
[2017.06.29-01.33.16:060][  0]LogTemp:Display: Loaded TP Android_ASTCTargetPlatform
[2017.06.29-01.33.16:097][  0]LogTemp:Display: Loaded TP Android_ATCTargetPlatform
[2017.06.29-01.33.16:136][  0]LogTemp:Display: Loaded TP Android_DXTTargetPlatform
[2017.06.29-01.33.16:175][  0]LogTemp:Display: Loaded TP Android_ETC1TargetPlatform
[2017.06.29-01.33.16:212][  0]LogTemp:Display: Loaded TP Android_ETC2TargetPlatform
[2017.06.29-01.33.16:287][  0]LogTemp:Display: Loaded TP Android_MultiTargetPlatform
[2017.06.29-01.33.16:287][  0]LogTemp:Display: Loaded TP Android_PVRTCTargetPlatform
[2017.06.29-01.33.16:311][  0]LogTemp:Display: Loaded TP HTML5TargetPlatform
[2017.06.29-01.33.16:380][  0]LogTemp:Display: Loaded TP IOSTargetPlatform
[2017.06.29-01.33.16:405][  0]LogTemp:Display: Loaded TP TVOSTargetPlatform
[2017.06.29-01.33.16:442][  0]LogTemp:Display: Loaded TP LinuxClientTargetPlatform
[2017.06.29-01.33.16:478][  0]LogTemp:Display: Loaded TP LinuxNoEditorTargetPlatform
[2017.06.29-01.33.16:514][  0]LogTemp:Display: Loaded TP LinuxServerTargetPlatform
[2017.06.29-01.33.16:549][  0]LogTemp:Display: Loaded TP LinuxTargetPlatform
[2017.06.29-01.33.16:549][  0]LogTargetPlatformManager:Display: Building Assets For Windows
[2017.06.29-01.33.16:814][  0]LogDerivedDataCache:Display: Max Cache Size: 512 MB
[2017.06.29-01.33.16:864][  0]LogDerivedDataCache: Loaded boot cache 0.05s 54MB C:/Users/Carlos/AppData/Local/UnrealEngine/4.15/DerivedDataCache/Boot.ddc.
[2017.06.29-01.33.16:864][  0]LogDerivedDataCache:Display: Loaded Boot cache: C:/Users/Carlos/AppData/Local/UnrealEngine/4.15/DerivedDataCache/Boot.ddc
[2017.06.29-01.33.16:864][  0]LogDerivedDataCache: FDerivedDataBackendGraph:  Pak pak cache file C:/Users/Carlos/Documents/Unreal Projects/UnrealOculusTFM/DerivedDataCache/DDC.ddp not found, will not use a pak cache.
[2017.06.29-01.33.16:864][  0]LogDerivedDataCache: Unable to find inner node Pak for hierarchical cache Hierarchy.
[2017.06.29-01.33.16:864][  0]LogDerivedDataCache: FDerivedDataBackendGraph:  CompressedPak pak cache file C:/Users/Carlos/Documents/Unreal Projects/UnrealOculusTFM/DerivedDataCache/Compressed.ddp not found, will not use a pak cache.
[2017.06.29-01.33.16:864][  0]LogDerivedDataCache: Unable to find inner node CompressedPak for hierarchical cache Hierarchy.
[2017.06.29-01.33.16:878][  0]LogDerivedDataCache:Display: Pak cache opened for reading ../../../Engine/DerivedDataCache/Compressed.ddp.
[2017.06.29-01.33.16:890][  0]LogDerivedDataCache: Using Local data cache path C:/Users/Carlos/AppData/Local/UnrealEngine/Common/DerivedDataCache: Writable
[2017.06.29-01.33.16:916][  0]LogSlate: Using Freetype 2.6.0
[2017.06.29-01.33.16:917][  0]LogSlate: SlateFontCache - WITH_FREETYPE: 1, WITH_HARFBUZZ: 1
[2017.06.29-01.33.16:917][  0]LogSlate: SlateFontCache - WITH_FREETYPE: 1, WITH_HARFBUZZ: 1
[2017.06.29-01.33.17:147][  0]LogInit: Selected Device Profile: [Windows]
[2017.06.29-01.33.17:149][  0]LogContentStreaming: Texture pool size is 0.00 MB
[2017.06.29-01.33.17:332][  0]LogMeshUtilities: Using QuadricMeshReduction for automatic static mesh reduction
[2017.06.29-01.33.17:359][  0]LogSimplygon: Simplygon DLL not present - disabling.
[2017.06.29-01.33.17:391][  0]LogMeshUtilities: Using SimplygonSwarm for distributed automatic mesh merging
[2017.06.29-01.33.17:391][  0]LogMeshUtilities: No automatic skeletal mesh reduction module available
[2017.06.29-01.33.17:391][  0]LogMeshUtilities: No automatic mesh merging module available
[2017.06.29-01.33.17:901][  0]LogNetVersion: GetLocalNetworkVersion: CL: 3299760, ProjectName: unrealoculustfm, ProjectVersion: , EngineNetworkVersion: 2, GameNetworkVersion: 0, NetworkChecksum: 3001024160
[2017.06.29-01.33.17:937][  0]LogAssetRegistry: FAssetRegistry took 0.0214 seconds to start up
[2017.06.29-01.33.17:967][  0]LogPackageLocalizationCache: Processed 3 localized package path(s) for 1 prioritized culture(s) in 0.012954 seconds
[2017.06.29-01.33.17:971][  0]LogUObjectArray: 32493 objects as part of root set at end of initial load.
[2017.06.29-01.33.17:971][  0]LogUObjectAllocator: 7077032 out of 0 bytes used by permanent object pool.
[2017.06.29-01.33.17:971][  0]LogUObjectArray: CloseDisregardForGC: 0/0 objects in disregard for GC pool
[2017.06.29-01.33.18:009][  0]LogInit: WinSock: version 1.1 (2.2), MaxSocks=32767, MaxUdp=65467
[2017.06.29-01.33.19:190][  0]LogTcpMessaging: Initializing TcpMessaging bridge
[2017.06.29-01.33.19:220][  0]LogUdpMessaging: Initializing bridge on interface 0.0.0.0:0 to multicast group 230.0.0.1:6666.
[2017.06.29-01.33.19:556][  0]LogMaterial: Uniform references updated for custom material expression Custom.
[2017.06.29-01.33.19:834][  0]SourceControl: Info Source control is disabled
[2017.06.29-01.33.19:835][  0]SourceControl: Info Source control is disabled
[2017.06.29-01.33.19:866][  0]SourceControl: Info Source control is disabled
[2017.06.29-01.33.19:897][  0]SourceControl: Info Source control is disabled
[2017.06.29-01.33.20:835][  0]LogEngine: Initializing Engine...
[2017.06.29-01.33.20:835][  0]LogHMD: Failed to initialize OpenVR with code 110
[2017.06.29-01.33.21:003][  0]LogStats: UGameplayTagsManager::ConstructGameplayTagTree: Construct from data asset -  0.000 s
[2017.06.29-01.33.21:003][  0]LogStats: UGameplayTagsManager::ConstructGameplayTagTree: GameplayTagTreeChangedEvent.Broadcast -  0.000 s
[2017.06.29-01.33.21:130][  0]LogAIModule: Creating AISystem for world Untitled
[2017.06.29-01.33.21:137][  0]LogInit: XAudio2 using 'HG216-4 (NVIDIA High Definition Audio)' : 2 channels at 48 kHz using 16 bits per sample (channel mask 0x3)
[2017.06.29-01.33.21:150][  0]LogInit: FAudioDevice initialized.
[2017.06.29-01.33.21:185][  0]LogDerivedDataCache: Saved boot cache 0.04s 61MB C:/Users/Carlos/AppData/Local/UnrealEngine/4.15/DerivedDataCache/Boot.ddc.
[2017.06.29-01.33.21:197][  0]LogInit: Texture streaming: Enabled
[2017.06.29-01.33.21:266][  0]LogEngineSessionManager: EngineSessionManager initialized
[2017.06.29-01.33.21:360][  0]LogInit: Transaction tracking system initialized
[2017.06.29-01.33.21:660][  0]BlueprintLog: New page: Editor Load
[2017.06.29-01.33.22:324][  0]LocalizationService: Info Localization service is disabled
[2017.06.29-01.33.22:766][  0]LogConsoleResponse:Display: 
[2017.06.29-01.33.22:873][  0]LogCook:Display: Max memory allowance for cook 16384mb min free memory 0mb
[2017.06.29-01.33.22:873][  0]LogCook:Display: Mobile HDR setting 1
[2017.06.29-01.33.22:963][  0]LogFileCache: Scanning file cache for directory 'C:/Users/Carlos/Documents/Unreal Projects/UnrealOculusTFM/Content/' took 0.01s
[2017.06.29-01.33.23:585][  0]SourceControl: Info Source control is disabled
[2017.06.29-01.33.23:585][  0]Cmd: MAP LOAD FILE="C:/Users/Carlos/Documents/Unreal Projects/UnrealOculusTFM/Content/VirtualRealityBP/Maps/StartupMap.umap" TEMPLATE=0 SHOWPROGRESS=1 FEATURELEVEL=3
[2017.06.29-01.33.23:586][  0]LightingResults: New page: Lighting Build
[2017.06.29-01.33.23:614][  0]MapCheck: New page: Map Check
[2017.06.29-01.33.23:614][  0]LightingResults: New page: Lighting Build
[2017.06.29-01.33.23:865][  0]LogAIModule: Creating AISystem for world StartupMap
[2017.06.29-01.33.23:935][  0]LogEditorServer: Finished looking for orphan Actors (0.000 secs)
[2017.06.29-01.33.23:947][  0]Cmd: MAP CHECKDEP NOCLEARLOG
[2017.06.29-01.33.23:992][  0]MapCheck: Info Map check complete: 0 Error(s), 0 Warning(s), took 44.789ms to complete.
[2017.06.29-01.33.23:992][  0]LogFileHelpers: Loading map 'StartupMap' took 0.407
[2017.06.29-01.33.24:418][  0]LogCollectionManager: Loaded 1 collections in 0.002063 seconds
[2017.06.29-01.33.24:490][  0]LogFileCache: Scanning file cache for directory 'C:/Users/Carlos/Documents/Unreal Projects/UnrealOculusTFM/Saved/Collections/' took 0.01s
[2017.06.29-01.33.24:490][  0]LogFileCache: Scanning file cache for directory 'C:/Users/Carlos/Documents/Unreal Projects/UnrealOculusTFM/Content/Developers/Carlos/Collections/' took 0.01s
[2017.06.29-01.33.24:490][  0]LogFileCache: Scanning file cache for directory 'C:/Users/Carlos/Documents/Unreal Projects/UnrealOculusTFM/Content/Collections/' took 0.01s
[2017.06.29-01.33.24:490][  0]LogCollectionManager: Rebuilt the GUID cache for 1 collections in 0.000003 seconds
[2017.06.29-01.33.24:490][  0]LogCollectionManager: Rebuilt the hierarchy cache for 1 collections in 0.000000 seconds
[2017.06.29-01.33.24:498][  0]LogContentBrowser: Native class hierarchy populated in 0.0071 seconds. Added 2245 classes and 453 folders.
[2017.06.29-01.33.24:540][  0]LogContentBrowser: Native class hierarchy updated for 'WidgetCarousel' in 0.0005 seconds. Added 0 classes and 0 folders.
[2017.06.29-01.33.25:082][  0]LogContentBrowser: Native class hierarchy updated for 'AddContentDialog' in 0.0006 seconds. Added 0 classes and 0 folders.
[2017.06.29-01.33.25:187][  0]LogContentBrowser: Native class hierarchy updated for 'SceneOutliner' in 0.0004 seconds. Added 1 classes and 2 folders.
[2017.06.29-01.33.25:374][  0]LogCrashTracker: Crashtracker disabled due to settings.
[2017.06.29-01.33.25:382][  0]LogUObjectGlobals:Warning: Failed to find object 'Class None.'
[2017.06.29-01.33.25:436][  0]LogContentBrowser: Native class hierarchy updated for 'HierarchicalLODOutliner' in 0.0005 seconds. Added 1 classes and 2 folders.
[2017.06.29-01.33.25:436][  0]LogLoad: (Engine Initialization) Total time: 14.20 seconds
[2017.06.29-01.33.25:436][  0]LogLoad: (Engine Initialization) Total Blueprint compile time: 0.05 seconds
[2017.06.29-01.33.25:436][  0]LogExternalProfiler: Found external profiler: VSPerf
[2017.06.29-01.33.25:436][  0]LogExternalProfiler: Using external profiler: VSPerf
[2017.06.29-01.33.25:775][  0]LogOcInput: OculusInput pre-init called
[2017.06.29-01.33.25:814][  0]LogContentStreaming: Texture pool size now 1000 MB
[2017.06.29-01.33.25:815][  0]LogSlate: Took 0.000193 seconds to synchronously load lazily loaded font '../../../Engine/Content/Slate/Fonts/Roboto-Regular.ttf' (155K)
[2017.06.29-01.33.25:819][  0]LogSlate: Took 0.000230 seconds to synchronously load lazily loaded font '../../../Engine/Content/Slate/Fonts/Roboto-Bold.ttf' (160K)
[2017.06.29-01.33.25:839][  0]LogSlate: Took 0.011310 seconds to synchronously load lazily loaded font '../../../Engine/Content/Editor/Slate/Fonts/FontAwesome.ttf' (139K)
[2017.06.29-01.33.26:223][  0]LogRenderer: Reallocating scene render targets to support 948x556 NumSamples 1 (Frame:2).
[2017.06.29-01.33.26:395][  1]LogAssetRegistry: Asset discovery search completed in 8.4795 seconds
[2017.06.29-01.33.26:395][  1]LogCollectionManager: Rebuilt the object cache for 1 collections in 0.000011 seconds (found 0 objects)
[2017.06.29-01.33.26:395][  1]LogCollectionManager: Fixed up redirectors for 1 collections in 0.000020 seconds (updated 0 objects)
[2017.06.29-01.33.26:459][  1]LogSlate: Took 0.003398 seconds to synchronously load lazily loaded font '../../../Engine/Content/Slate/Fonts/Roboto-Light.ttf' (159K)
[2017.06.29-01.33.27:049][  3]LogSlate: Took 0.000223 seconds to synchronously load lazily loaded font '../../../Engine/Content/Slate/Fonts/Roboto-Light.ttf' (159K)
[2017.06.29-01.34.12:632][ 44]LogBlueprint:Error: [Compiler NoVRCharacterController] Error This blueprint (self) is not a SceneComponent, therefore ' Target ' must have a connection.
[2017.06.29-01.34.12:632][ 44]LogBlueprint:Error: [Compiler NoVRCharacterController] Error This blueprint (self) is not a SceneComponent, therefore ' Target ' must have a connection.
[2017.06.29-01.34.12:634][ 44]LogBlueprint:Warning: [Compiler NoVRCharacterController] Warning [0061.40] Compile of NoVRCharacterController failed. 2 Fatal Issue(s) 0 Warning(s) [in 3 ms] (/Game/VirtualRealityBP/Blueprints/NoVRCharacterController.NoVRCharacterController)
[2017.06.29-01.34.12:634][ 44]LogBlueprint:Warning: [Compiler NoVRCharacterController] Warning [0061.40] Compile of NoVRCharacterController failed. 2 Fatal Issue(s) 1 Warning(s) [in 0 ms] (/Game/VirtualRealityBP/Blueprints/NoVRCharacterController.NoVRCharacterController)
[2017.06.29-01.34.12:634][ 44]LogBlueprint:Warning: [Compiler NoVRCharacterController] Warning [0061.40] Compile of NoVRCharacterController failed. 2 Fatal Issue(s) 2 Warning(s) [in 0 ms] (/Game/VirtualRealityBP/Blueprints/NoVRCharacterController.NoVRCharacterController)
[2017.06.29-01.34.12:636][ 44]LogBlueprint:Error: [Compiler NoVRCharacterController] Error This blueprint (self) is not a SceneComponent, therefore ' Target ' must have a connection.
[2017.06.29-01.34.12:636][ 44]LogBlueprint:Error: [Compiler NoVRCharacterController] Error This blueprint (self) is not a SceneComponent, therefore ' Target ' must have a connection.
[2017.06.29-01.34.12:638][ 44]LogBlueprint:Warning: [Compiler NoVRCharacterController] Warning [0061.40] Compile of NoVRCharacterController failed. 2 Fatal Issue(s) 0 Warning(s) [in 2 ms] (/Game/VirtualRealityBP/Blueprints/NoVRCharacterController.NoVRCharacterController)
[2017.06.29-01.34.12:638][ 44]LogBlueprint:Warning: [Compiler NoVRCharacterController] Warning [0061.40] Compile of NoVRCharacterController failed. 2 Fatal Issue(s) 1 Warning(s) [in 0 ms] (/Game/VirtualRealityBP/Blueprints/NoVRCharacterController.NoVRCharacterController)
[2017.06.29-01.34.12:638][ 44]LogBlueprint:Warning: [Compiler NoVRCharacterController] Warning [0061.40] Compile of NoVRCharacterController failed. 2 Fatal Issue(s) 2 Warning(s) [in 0 ms] (/Game/VirtualRealityBP/Blueprints/NoVRCharacterController.NoVRCharacterController)
[2017.06.29-01.34.12:681][ 44]LogSlate: Took 0.000169 seconds to synchronously load lazily loaded font '../../../Engine/Content/Slate/Fonts/Roboto-Light.ttf' (159K)
[2017.06.29-01.34.13:171][ 44]LogSlate: Took 0.000151 seconds to synchronously load lazily loaded font '../../../Engine/Content/Slate/Fonts/Roboto-Regular.ttf' (155K)
[2017.06.29-01.34.13:383][ 44]LogContentBrowser: Native class hierarchy updated for 'BlueprintGraph' in 0.0007 seconds. Added 112 classes and 0 folders.
[2017.06.29-01.34.14:406][ 44]LogSlate: Took 0.021440 seconds to synchronously load lazily loaded font '../../../Engine/Content/Editor/Slate/Fonts/Roboto-BoldCondensed.ttf' (158K)
[2017.06.29-01.34.14:796][ 45]LogSlate: Took 0.009167 seconds to synchronously load lazily loaded font '../../../Engine/Content/Editor/Slate/Fonts/Roboto-Italic.ttf' (157K)
[2017.06.29-01.34.55:232][743]LogSavePackage: Save=27.36ms
[2017.06.29-01.34.55:232][743]LogSavePackage: Moving 'C:/Users/Carlos/Documents/Unreal Projects/UnrealOculusTFM/Saved/NoVRCharacterController5D1102F445C7BB11DE32A3A3706CD379.tmp' to 'C:/Users/Carlos/Documents/Unreal Projects/UnrealOculusTFM/Content/VirtualRealityBP/Blueprints/NoVRCharacterController.uasset'
[2017.06.29-01.34.55:234][743]LogSavePackage:Display: Finished SavePackage C:/Users/Carlos/Documents/Unreal Projects/UnrealOculusTFM/Content/VirtualRealityBP/Blueprints/NoVRCharacterController.uasset
[2017.06.29-01.34.55:961][830]LogTemp: Repeting last play command: Selected Viewport
[2017.06.29-01.34.55:969][830]BlueprintLog: New page: Pre-Play auto-recompile
[2017.06.29-01.34.55:969][830]LogPlayLevel: [PlayLevel] Compiling NoVRCharacterController before play...
[2017.06.29-01.34.56:068][830]LogPlayLevel: PlayLevel: Blueprint regeneration took 98 ms (1 blueprints)
[2017.06.29-01.34.56:068][830]PIE: New page: PIE session: StartupMap (Jun 29, 2017, 5:34:56 AM)
[2017.06.29-01.34.56:079][830]LogPlayLevel: Creating play world package: /Game/VirtualRealityBP/Maps/UEDPIE_0_StartupMap
[2017.06.29-01.34.56:083][830]LogPlayLevel: PIE: StaticDuplicateObject took: (0.003927s)
[2017.06.29-01.34.56:083][830]LogAIModule: Creating AISystem for world StartupMap
[2017.06.29-01.34.56:083][830]LogPlayLevel: PIE: World Init took: (0.000625s)
[2017.06.29-01.34.56:083][830]LogPlayLevel: PIE: Created PIE world by copying editor world from /Game/VirtualRealityBP/Maps/StartupMap.StartupMap to /Game/VirtualRealityBP/Maps/UEDPIE_0_StartupMap.StartupMap (0.015176s)
[2017.06.29-01.34.56:098][830]LogInit: XAudio2 using 'HG216-4 (NVIDIA High Definition Audio)' : 2 channels at 48 kHz using 16 bits per sample (channel mask 0x3)
[2017.06.29-01.34.56:104][830]LogInit: FAudioDevice initialized.
[2017.06.29-01.34.56:178][830]LogUObjectGlobals:Warning: Failed to find object 'Class None.'
[2017.06.29-01.34.56:178][830]LogLoad: Game class is 'GameModeBase'
[2017.06.29-01.34.56:193][830]LogWorld: Bringing World /Game/VirtualRealityBP/Maps/UEDPIE_0_StartupMap.StartupMap up for play (max tick rate 0) at 2017.06.29-03.34.56
[2017.06.29-01.34.56:193][830]LogWorld: Bringing up level for play took: 0.001967
[2017.06.29-01.34.56:203][830]LogGameMode: FindPlayerStart: PATHS NOT DEFINED or NO PLAYERSTART with positive rating
[2017.06.29-01.34.56:250][830]LogContentBrowser: Native class hierarchy updated for 'MovieSceneCapture' in 0.0008 seconds. Added 11 classes and 0 folders.
[2017.06.29-01.34.56:254][830]PIE: Info Play in editor start time for /Game/VirtualRealityBP/Maps/UEDPIE_0_StartupMap 0.156
[2017.06.29-01.34.56:296][830]LogRenderer: Reallocating scene render targets to support 1292x756 NumSamples 1 (Frame:976).
[2017.06.29-01.35.08:758][299]LogAIModule: Creating AISystem for world NoVRMap
[2017.06.29-01.35.08:784][299]Cmd: MAP LOAD FILE="C:/Users/Carlos/Documents/Unreal Projects/UnrealOculusTFM/Content/VirtualRealityBP/Maps/NoVRMap.umap" TEMPLATE=0 SHOWPROGRESS=1 FEATURELEVEL=3
[2017.06.29-01.35.08:784][299]LightingResults: New page: Lighting Build
[2017.06.29-01.35.08:785][299]LoadErrors: New page: Loading map: NoVRMap.umap
[2017.06.29-01.35.08:785][299]MapCheck: New page: Map Check
[2017.06.29-01.35.08:785][299]LightingResults: New page: Lighting Build
[2017.06.29-01.35.08:801][299]LogEditorServer: Finished looking for orphan Actors (0.000 secs)
[2017.06.29-01.35.08:808][299]Cmd: MAP CHECKDEP NOCLEARLOG
[2017.06.29-01.35.08:848][299]MapCheck: Info Map check complete: 0 Error(s), 0 Warning(s), took 39.802ms to complete.
[2017.06.29-01.35.08:848][299]LogFileHelpers: Loading map 'NoVRMap' took 0.065
[2017.06.29-01.35.10:061][439]LogEditorViewport: Clicking Background
[2017.06.29-01.35.12:116][683]LogTemp: Repeting last play command: Selected Viewport
[2017.06.29-01.35.12:129][683]LogPlayLevel: PlayLevel: No blueprints needed recompiling
[2017.06.29-01.35.12:129][683]PIE: New page: PIE session: NoVRMap (Jun 29, 2017, 5:35:12 AM)
[2017.06.29-01.35.12:129][683]LogPlayLevel: Creating play world package: /Game/VirtualRealityBP/Maps/UEDPIE_0_NoVRMap
[2017.06.29-01.35.12:131][683]LogPlayLevel: PIE: StaticDuplicateObject took: (0.001524s)
[2017.06.29-01.35.12:131][683]LogAIModule: Creating AISystem for world NoVRMap
[2017.06.29-01.35.12:131][683]LogPlayLevel: PIE: World Init took: (0.000625s)
[2017.06.29-01.35.12:132][683]LogPlayLevel: PIE: Created PIE world by copying editor world from /Game/VirtualRealityBP/Maps/NoVRMap.NoVRMap to /Game/VirtualRealityBP/Maps/UEDPIE_0_NoVRMap.NoVRMap (0.002335s)
[2017.06.29-01.35.12:145][683]LogInit: XAudio2 using 'HG216-4 (NVIDIA High Definition Audio)' : 2 channels at 48 kHz using 16 bits per sample (channel mask 0x3)
[2017.06.29-01.35.12:150][683]LogInit: FAudioDevice initialized.
[2017.06.29-01.35.12:187][683]LogUObjectGlobals:Warning: Failed to find object 'Class None.'
[2017.06.29-01.35.12:187][683]LogLoad: Game class is 'GameModeBase'
[2017.06.29-01.35.12:188][683]LogWorld: Bringing World /Game/VirtualRealityBP/Maps/UEDPIE_0_NoVRMap.NoVRMap up for play (max tick rate 0) at 2017.06.29-03.35.12
[2017.06.29-01.35.12:197][683]LogWorld: Bringing up level for play took: 0.009034
[2017.06.29-01.35.12:199][683]PIE: Info Play in editor start time for /Game/VirtualRealityBP/Maps/UEDPIE_0_NoVRMap 0.102
[2017.06.29-01.35.16:622][187]LogTemp: Repeting last play command: Selected Viewport
[2017.06.29-01.35.16:627][187]LogPlayLevel: PlayLevel: No blueprints needed recompiling
[2017.06.29-01.35.16:628][187]PIE: New page: PIE session: NoVRMap (Jun 29, 2017, 5:35:16 AM)
[2017.06.29-01.35.16:628][187]LogPlayLevel: Creating play world package: /Game/VirtualRealityBP/Maps/UEDPIE_0_NoVRMap
[2017.06.29-01.35.16:629][187]LogPlayLevel: PIE: StaticDuplicateObject took: (0.000960s)
[2017.06.29-01.35.16:629][187]LogAIModule: Creating AISystem for world NoVRMap
[2017.06.29-01.35.16:629][187]LogPlayLevel: PIE: World Init took: (0.000466s)
[2017.06.29-01.35.16:629][187]LogPlayLevel: PIE: Created PIE world by copying editor world from /Game/VirtualRealityBP/Maps/NoVRMap.NoVRMap to /Game/VirtualRealityBP/Maps/UEDPIE_0_NoVRMap.NoVRMap (0.001583s)
[2017.06.29-01.35.16:645][187]LogInit: XAudio2 using 'HG216-4 (NVIDIA High Definition Audio)' : 2 channels at 48 kHz using 16 bits per sample (channel mask 0x3)
[2017.06.29-01.35.16:650][187]LogInit: FAudioDevice initialized.
[2017.06.29-01.35.16:686][187]LogUObjectGlobals:Warning: Failed to find object 'Class None.'
[2017.06.29-01.35.16:686][187]LogLoad: Game class is 'GameModeBase'
[2017.06.29-01.35.16:688][187]LogWorld: Bringing World /Game/VirtualRealityBP/Maps/UEDPIE_0_NoVRMap.NoVRMap up for play (max tick rate 0) at 2017.06.29-03.35.16
[2017.06.29-01.35.16:688][187]LogWorld: Bringing up level for play took: 0.000848
[2017.06.29-01.35.16:691][187]PIE: Info Play in editor start time for /Game/VirtualRealityBP/Maps/UEDPIE_0_NoVRMap 0.594
[2017.06.29-01.36.35:986][581]LogTemp: Repeting last play command: Selected Viewport
[2017.06.29-01.36.35:991][581]BlueprintLog: New page: Pre-Play auto-recompile
[2017.06.29-01.36.35:991][581]LogPlayLevel: [PlayLevel] Compiling NoVRCharacterController before play...
[2017.06.29-01.36.36:001][581]LogBlueprint:Error: [Compiler NoVRCharacterController] Error This blueprint (self) is not a SceneComponent, therefore ' Target ' must have a connection.
[2017.06.29-01.36.36:001][581]LogBlueprint:Error: [Compiler NoVRCharacterController] Error This blueprint (self) is not a SceneComponent, therefore ' Target ' must have a connection.
[2017.06.29-01.36.36:107][581]LogBlueprint:Warning: [Compiler NoVRCharacterController] Warning [0204.87] Compile of NoVRCharacterController failed. 2 Fatal Issue(s) 0 Warning(s) [in 110 ms] (/Game/VirtualRealityBP/Blueprints/NoVRCharacterController.NoVRCharacterController)
[2017.06.29-01.36.36:107][581]LogBlueprint:Warning: [Compiler NoVRCharacterController] Warning [0204.87] Compile of NoVRCharacterController failed. 2 Fatal Issue(s) 1 Warning(s) [in 0 ms] (/Game/VirtualRealityBP/Blueprints/NoVRCharacterController.NoVRCharacterController)
[2017.06.29-01.36.36:107][581]LogBlueprint:Warning: [Compiler NoVRCharacterController] Warning [0204.87] Compile of NoVRCharacterController failed. 2 Fatal Issue(s) 2 Warning(s) [in 0 ms] (/Game/VirtualRealityBP/Blueprints/NoVRCharacterController.NoVRCharacterController)
[2017.06.29-01.36.36:107][581]LogBlueprint:Warning: [Compiler NoVRCharacterController] Warning [0204.87] Compile of NoVRCharacterController failed. 2 Fatal Issue(s) 3 Warning(s) [in 0 ms] (/Game/VirtualRealityBP/Blueprints/NoVRCharacterController.NoVRCharacterController)
[2017.06.29-01.36.36:110][581]LogBlueprint:Warning: [Compiler NoVRCharacterController] Warning [0204.87] Compile of NoVRCharacterController failed. 2 Fatal Issue(s) 4 Warning(s) [in 3 ms] (/Game/VirtualRealityBP/Blueprints/NoVRCharacterController.NoVRCharacterController)
[2017.06.29-01.36.36:110][581]LogBlueprint:Warning: [Compiler NoVRCharacterController] Warning [0204.87] Compile of NoVRCharacterController failed. 2 Fatal Issue(s) 5 Warning(s) [in 0 ms] (/Game/VirtualRealityBP/Blueprints/NoVRCharacterController.NoVRCharacterController)
[2017.06.29-01.36.36:121][581]LogPlayLevel: PlayLevel: Blueprint regeneration took 129 ms (1 blueprints)
[2017.06.29-01.36.36:121][581]BlueprintLog: Info Blueprint NoVRCharacterController failed to compile
[2017.06.29-01.36.37:519][581]PIE: New page: PIE session: NoVRMap (Jun 29, 2017, 5:36:37 AM)
[2017.06.29-01.36.37:519][581]LogPlayLevel: Creating play world package: /Game/VirtualRealityBP/Maps/UEDPIE_0_NoVRMap
[2017.06.29-01.36.37:520][581]LogPlayLevel: PIE: StaticDuplicateObject took: (0.000910s)
[2017.06.29-01.36.37:520][581]LogAIModule: Creating AISystem for world NoVRMap
[2017.06.29-01.36.37:520][581]LogPlayLevel: PIE: World Init took: (0.000552s)
[2017.06.29-01.36.37:520][581]LogPlayLevel: PIE: Created PIE world by copying editor world from /Game/VirtualRealityBP/Maps/NoVRMap.NoVRMap to /Game/VirtualRealityBP/Maps/UEDPIE_0_NoVRMap.NoVRMap (0.001605s)
[2017.06.29-01.36.37:533][581]LogInit: XAudio2 using 'HG216-4 (NVIDIA High Definition Audio)' : 2 channels at 48 kHz using 16 bits per sample (channel mask 0x3)
[2017.06.29-01.36.37:539][581]LogInit: FAudioDevice initialized.
[2017.06.29-01.36.37:575][581]LogUObjectGlobals:Warning: Failed to find object 'Class None.'
[2017.06.29-01.36.37:575][581]LogLoad: Game class is 'GameModeBase'
[2017.06.29-01.36.37:577][581]LogWorld: Bringing World /Game/VirtualRealityBP/Maps/UEDPIE_0_NoVRMap.NoVRMap up for play (max tick rate 0) at 2017.06.29-03.36.37
[2017.06.29-01.36.37:577][581]LogWorld: Bringing up level for play took: 0.001265
[2017.06.29-01.36.37:580][581]PIE: Info Play in editor start time for /Game/VirtualRealityBP/Maps/UEDPIE_0_NoVRMap 1.483
[2017.06.29-01.37.00:398][284]LogSavePackage: Save=15.05ms
[2017.06.29-01.37.00:398][284]LogSavePackage: Moving 'C:/Users/Carlos/Documents/Unreal Projects/UnrealOculusTFM/Saved/NoVRCharacterController7F647D424A0EFFD07FDD7998AC76C766.tmp' to 'C:/Users/Carlos/Documents/Unreal Projects/UnrealOculusTFM/Content/VirtualRealityBP/Blueprints/NoVRCharacterController.uasset'
[2017.06.29-01.37.00:400][284]LogSavePackage:Display: Finished SavePackage C:/Users/Carlos/Documents/Unreal Projects/UnrealOculusTFM/Content/VirtualRealityBP/Blueprints/NoVRCharacterController.uasset
[2017.06.29-01.37.01:352][398]LogTemp: Repeting last play command: Selected Viewport
[2017.06.29-01.37.01:357][398]BlueprintLog: New page: Pre-Play auto-recompile
[2017.06.29-01.37.01:357][398]LogPlayLevel: [PlayLevel] Compiling NoVRCharacterController before play...
[2017.06.29-01.37.01:366][398]LogBlueprint:Error: [Compiler NoVRCharacterController] Error This blueprint (self) is not a SceneComponent, therefore ' Target ' must have a connection.
[2017.06.29-01.37.01:366][398]LogBlueprint:Error: [Compiler NoVRCharacterController] Error This blueprint (self) is not a SceneComponent, therefore ' Target ' must have a connection.
[2017.06.29-01.37.01:470][398]LogBlueprint:Warning: [Compiler NoVRCharacterController] Warning [0230.23] Compile of NoVRCharacterController failed. 2 Fatal Issue(s) 0 Warning(s) [in 107 ms] (/Game/VirtualRealityBP/Blueprints/NoVRCharacterController.NoVRCharacterController)
[2017.06.29-01.37.01:470][398]LogBlueprint:Warning: [Compiler NoVRCharacterController] Warning [0230.23] Compile of NoVRCharacterController failed. 2 Fatal Issue(s) 1 Warning(s) [in 0 ms] (/Game/VirtualRealityBP/Blueprints/NoVRCharacterController.NoVRCharacterController)
[2017.06.29-01.37.01:470][398]LogBlueprint:Warning: [Compiler NoVRCharacterController] Warning [0230.23] Compile of NoVRCharacterController failed. 2 Fatal Issue(s) 2 Warning(s) [in 0 ms] (/Game/VirtualRealityBP/Blueprints/NoVRCharacterController.NoVRCharacterController)
[2017.06.29-01.37.01:470][398]LogBlueprint:Warning: [Compiler NoVRCharacterController] Warning [0230.23] Compile of NoVRCharacterController failed. 2 Fatal Issue(s) 3 Warning(s) [in 0 ms] (/Game/VirtualRealityBP/Blueprints/NoVRCharacterController.NoVRCharacterController)
[2017.06.29-01.37.01:473][398]LogBlueprint:Warning: [Compiler NoVRCharacterController] Warning [0230.23] Compile of NoVRCharacterController failed. 2 Fatal Issue(s) 4 Warning(s) [in 2 ms] (/Game/VirtualRealityBP/Blueprints/NoVRCharacterController.NoVRCharacterController)
[2017.06.29-01.37.01:473][398]LogBlueprint:Warning: [Compiler NoVRCharacterController] Warning [0230.23] Compile of NoVRCharacterController failed. 2 Fatal Issue(s) 5 Warning(s) [in 0 ms] (/Game/VirtualRealityBP/Blueprints/NoVRCharacterController.NoVRCharacterController)
[2017.06.29-01.37.01:485][398]LogPlayLevel: PlayLevel: Blueprint regeneration took 127 ms (1 blueprints)
[2017.06.29-01.37.01:485][398]BlueprintLog: Info Blueprint NoVRCharacterController failed to compile
[2017.06.29-01.37.02:955][398]PIE: New page: PIE session: NoVRMap (Jun 29, 2017, 5:37:02 AM)
[2017.06.29-01.37.02:955][398]LogPlayLevel: Creating play world package: /Game/VirtualRealityBP/Maps/UEDPIE_0_NoVRMap
[2017.06.29-01.37.02:956][398]LogPlayLevel: PIE: StaticDuplicateObject took: (0.001027s)
[2017.06.29-01.37.02:956][398]LogAIModule: Creating AISystem for world NoVRMap
[2017.06.29-01.37.02:956][398]LogPlayLevel: PIE: World Init took: (0.000548s)
[2017.06.29-01.37.02:957][398]LogPlayLevel: PIE: Created PIE world by copying editor world from /Game/VirtualRealityBP/Maps/NoVRMap.NoVRMap to /Game/VirtualRealityBP/Maps/UEDPIE_0_NoVRMap.NoVRMap (0.001754s)
[2017.06.29-01.37.02:972][398]LogInit: XAudio2 using 'HG216-4 (NVIDIA High Definition Audio)' : 2 channels at 48 kHz using 16 bits per sample (channel mask 0x3)
[2017.06.29-01.37.02:978][398]LogInit: FAudioDevice initialized.
[2017.06.29-01.37.03:013][398]LogUObjectGlobals:Warning: Failed to find object 'Class None.'
[2017.06.29-01.37.03:013][398]LogLoad: Game class is 'GameModeBase'
[2017.06.29-01.37.03:015][398]LogWorld: Bringing World /Game/VirtualRealityBP/Maps/UEDPIE_0_NoVRMap.NoVRMap up for play (max tick rate 0) at 2017.06.29-03.37.03
[2017.06.29-01.37.03:015][398]LogWorld: Bringing up level for play took: 0.001114
[2017.06.29-01.37.03:018][398]PIE: Info Play in editor start time for /Game/VirtualRealityBP/Maps/UEDPIE_0_NoVRMap 0.921
[2017.06.29-01.37.16:141][920]LogSavePackage: Save=12.20ms
[2017.06.29-01.37.16:141][920]LogSavePackage: Moving 'C:/Users/Carlos/Documents/Unreal Projects/UnrealOculusTFM/Saved/NoVRCharacterControllerEE685EC345C64A5E42C58D8A6B58F6C4.tmp' to 'C:/Users/Carlos/Documents/Unreal Projects/UnrealOculusTFM/Content/VirtualRealityBP/Blueprints/NoVRCharacterController.uasset'
[2017.06.29-01.37.16:144][920]LogSavePackage:Display: Finished SavePackage C:/Users/Carlos/Documents/Unreal Projects/UnrealOculusTFM/Content/VirtualRealityBP/Blueprints/NoVRCharacterController.uasset
[2017.06.29-01.37.16:375][944]LogSavePackage: Save=13.58ms
[2017.06.29-01.37.16:375][944]LogSavePackage: Moving 'C:/Users/Carlos/Documents/Unreal Projects/UnrealOculusTFM/Saved/NoVRCharacterControllerB9E7AA1543BAC75592E1A4A3F80D57B9.tmp' to 'C:/Users/Carlos/Documents/Unreal Projects/UnrealOculusTFM/Content/VirtualRealityBP/Blueprints/NoVRCharacterController.uasset'
[2017.06.29-01.37.16:377][944]LogSavePackage:Display: Finished SavePackage C:/Users/Carlos/Documents/Unreal Projects/UnrealOculusTFM/Content/VirtualRealityBP/Blueprints/NoVRCharacterController.uasset
[2017.06.29-01.37.17:638][ 95]BlueprintLog: New page: Compile NoVRCharacterController
[2017.06.29-01.37.18:685][207]LogTemp: Repeting last play command: Selected Viewport
[2017.06.29-01.37.18:691][207]LogPlayLevel: PlayLevel: No blueprints needed recompiling
[2017.06.29-01.37.18:691][207]PIE: New page: PIE session: NoVRMap (Jun 29, 2017, 5:37:18 AM)
[2017.06.29-01.37.18:691][207]LogPlayLevel: Creating play world package: /Game/VirtualRealityBP/Maps/UEDPIE_0_NoVRMap
[2017.06.29-01.37.18:692][207]LogPlayLevel: PIE: StaticDuplicateObject took: (0.000986s)
[2017.06.29-01.37.18:693][207]LogAIModule: Creating AISystem for world NoVRMap
[2017.06.29-01.37.18:693][207]LogPlayLevel: PIE: World Init took: (0.000633s)
[2017.06.29-01.37.18:693][207]LogPlayLevel: PIE: Created PIE world by copying editor world from /Game/VirtualRealityBP/Maps/NoVRMap.NoVRMap to /Game/VirtualRealityBP/Maps/UEDPIE_0_NoVRMap.NoVRMap (0.001805s)
[2017.06.29-01.37.18:709][207]LogInit: XAudio2 using 'HG216-4 (NVIDIA High Definition Audio)' : 2 channels at 48 kHz using 16 bits per sample (channel mask 0x3)
[2017.06.29-01.37.18:714][207]LogInit: FAudioDevice initialized.
[2017.06.29-01.37.18:748][207]LogUObjectGlobals:Warning: Failed to find object 'Class None.'
[2017.06.29-01.37.18:748][207]LogLoad: Game class is 'GameModeBase'
[2017.06.29-01.37.18:750][207]LogWorld: Bringing World /Game/VirtualRealityBP/Maps/UEDPIE_0_NoVRMap.NoVRMap up for play (max tick rate 0) at 2017.06.29-03.37.18
[2017.06.29-01.37.18:750][207]LogWorld: Bringing up level for play took: 0.000993
[2017.06.29-01.37.18:754][207]PIE: Info Play in editor start time for /Game/VirtualRealityBP/Maps/UEDPIE_0_NoVRMap 0.657
[2017.06.29-01.37.29:266][441]LogSavePackage: Save=13.70ms
[2017.06.29-01.37.29:266][441]LogSavePackage: Moving 'C:/Users/Carlos/Documents/Unreal Projects/UnrealOculusTFM/Saved/NoVRCharacterControllerAA77D86D455C8359F7E096A490398E5A.tmp' to 'C:/Users/Carlos/Documents/Unreal Projects/UnrealOculusTFM/Content/VirtualRealityBP/Blueprints/NoVRCharacterController.uasset'
[2017.06.29-01.37.29:267][441]LogSavePackage:Display: Finished SavePackage C:/Users/Carlos/Documents/Unreal Projects/UnrealOculusTFM/Content/VirtualRealityBP/Blueprints/NoVRCharacterController.uasset
[2017.06.29-01.37.55:759][613]LogSavePackage: Save=13.43ms
[2017.06.29-01.37.55:759][613]LogSavePackage: Moving 'C:/Users/Carlos/Documents/Unreal Projects/UnrealOculusTFM/Saved/NoVRCharacterControllerF754796C441E55C2B952B8AA57938BC6.tmp' to 'C:/Users/Carlos/Documents/Unreal Projects/UnrealOculusTFM/Content/VirtualRealityBP/Blueprints/NoVRCharacterController.uasset'
[2017.06.29-01.37.55:761][613]LogSavePackage:Display: Finished SavePackage C:/Users/Carlos/Documents/Unreal Projects/UnrealOculusTFM/Content/VirtualRealityBP/Blueprints/NoVRCharacterController.uasset
[2017.06.29-01.37.55:939][631]LogSavePackage: Save=13.79ms
[2017.06.29-01.37.55:939][631]LogSavePackage: Moving 'C:/Users/Carlos/Documents/Unreal Projects/UnrealOculusTFM/Saved/NoVRCharacterController0AD08DFF48BDC695CB41E89473D8E64F.tmp' to 'C:/Users/Carlos/Documents/Unreal Projects/UnrealOculusTFM/Content/VirtualRealityBP/Blueprints/NoVRCharacterController.uasset'
[2017.06.29-01.37.55:940][631]LogSavePackage:Display: Finished SavePackage C:/Users/Carlos/Documents/Unreal Projects/UnrealOculusTFM/Content/VirtualRealityBP/Blueprints/NoVRCharacterController.uasset
[2017.06.29-01.40.05:813][935]LogSavePackage: Save=17.70ms
[2017.06.29-01.40.05:813][935]LogSavePackage: Moving 'C:/Users/Carlos/Documents/Unreal Projects/UnrealOculusTFM/Saved/NoVRCharacterController6EFF54F241125E2D929FC59A71294DEB.tmp' to 'C:/Users/Carlos/Documents/Unreal Projects/UnrealOculusTFM/Content/VirtualRealityBP/Blueprints/NoVRCharacterController.uasset'
[2017.06.29-01.40.05:816][935]LogSavePackage:Display: Finished SavePackage C:/Users/Carlos/Documents/Unreal Projects/UnrealOculusTFM/Content/VirtualRealityBP/Blueprints/NoVRCharacterController.uasset
[2017.06.29-01.40.05:970][950]LogSavePackage: Save=14.49ms
[2017.06.29-01.40.05:970][950]LogSavePackage: Moving 'C:/Users/Carlos/Documents/Unreal Projects/UnrealOculusTFM/Saved/NoVRCharacterController4D34E5E24EAE1A0803364584265DF9DC.tmp' to 'C:/Users/Carlos/Documents/Unreal Projects/UnrealOculusTFM/Content/VirtualRealityBP/Blueprints/NoVRCharacterController.uasset'
[2017.06.29-01.40.05:972][950]LogSavePackage:Display: Finished SavePackage C:/Users/Carlos/Documents/Unreal Projects/UnrealOculusTFM/Content/VirtualRealityBP/Blueprints/NoVRCharacterController.uasset
[2017.06.29-01.40.13:910][126]LogSavePackage: Save=14.69ms
[2017.06.29-01.40.13:910][126]LogSavePackage: Moving 'C:/Users/Carlos/Documents/Unreal Projects/UnrealOculusTFM/Saved/NoVRCharacterController17AD5D514BFA093A2D05309355A5BACF.tmp' to 'C:/Users/Carlos/Documents/Unreal Projects/UnrealOculusTFM/Content/VirtualRealityBP/Blueprints/NoVRCharacterController.uasset'
[2017.06.29-01.40.13:912][126]LogSavePackage:Display: Finished SavePackage C:/Users/Carlos/Documents/Unreal Projects/UnrealOculusTFM/Content/VirtualRealityBP/Blueprints/NoVRCharacterController.uasset
[2017.06.29-01.40.14:082][143]LogSavePackage: Save=15.94ms
[2017.06.29-01.40.14:082][143]LogSavePackage: Moving 'C:/Users/Carlos/Documents/Unreal Projects/UnrealOculusTFM/Saved/NoVRCharacterController21828F10404F560AE2CEE49CF3D53EF5.tmp' to 'C:/Users/Carlos/Documents/Unreal Projects/UnrealOculusTFM/Content/VirtualRealityBP/Blueprints/NoVRCharacterController.uasset'
[2017.06.29-01.40.14:084][143]LogSavePackage:Display: Finished SavePackage C:/Users/Carlos/Documents/Unreal Projects/UnrealOculusTFM/Content/VirtualRealityBP/Blueprints/NoVRCharacterController.uasset
[2017.06.29-01.40.14:992][252]LogTemp: Repeting last play command: Selected Viewport
[2017.06.29-01.40.14:997][252]BlueprintLog: New page: Pre-Play auto-recompile
[2017.06.29-01.40.14:997][252]LogPlayLevel: [PlayLevel] Compiling NoVRCharacterController before play...
[2017.06.29-01.40.15:078][252]LogPlayLevel: PlayLevel: Blueprint regeneration took 81 ms (1 blueprints)
[2017.06.29-01.40.15:078][252]PIE: New page: PIE session: NoVRMap (Jun 29, 2017, 5:40:15 AM)
[2017.06.29-01.40.15:078][252]LogPlayLevel: Creating play world package: /Game/VirtualRealityBP/Maps/UEDPIE_0_NoVRMap
[2017.06.29-01.40.15:079][252]LogPlayLevel: PIE: StaticDuplicateObject took: (0.000867s)
[2017.06.29-01.40.15:080][252]LogAIModule: Creating AISystem for world NoVRMap
[2017.06.29-01.40.15:080][252]LogPlayLevel: PIE: World Init took: (0.000601s)
[2017.06.29-01.40.15:080][252]LogPlayLevel: PIE: Created PIE world by copying editor world from /Game/VirtualRealityBP/Maps/NoVRMap.NoVRMap to /Game/VirtualRealityBP/Maps/UEDPIE_0_NoVRMap.NoVRMap (0.001616s)
[2017.06.29-01.40.15:094][252]LogInit: XAudio2 using 'HG216-4 (NVIDIA High Definition Audio)' : 2 channels at 48 kHz using 16 bits per sample (channel mask 0x3)
[2017.06.29-01.40.15:101][252]LogInit: FAudioDevice initialized.
[2017.06.29-01.40.15:139][252]LogUObjectGlobals:Warning: Failed to find object 'Class None.'
[2017.06.29-01.40.15:139][252]LogLoad: Game class is 'GameModeBase'
[2017.06.29-01.40.15:140][252]LogWorld: Bringing World /Game/VirtualRealityBP/Maps/UEDPIE_0_NoVRMap.NoVRMap up for play (max tick rate 0) at 2017.06.29-03.40.15
[2017.06.29-01.40.15:141][252]LogWorld: Bringing up level for play took: 0.000926
[2017.06.29-01.40.15:143][252]PIE: Info Play in editor start time for /Game/VirtualRealityBP/Maps/UEDPIE_0_NoVRMap 1.046
[2017.06.29-01.40.23:126][189]LogSavePackage: Save=14.98ms
[2017.06.29-01.40.23:126][189]LogSavePackage: Moving 'C:/Users/Carlos/Documents/Unreal Projects/UnrealOculusTFM/Saved/NoVRCharacterControllerD1E909144A4F6633B65BB99924443031.tmp' to 'C:/Users/Carlos/Documents/Unreal Projects/UnrealOculusTFM/Content/VirtualRealityBP/Blueprints/NoVRCharacterController.uasset'
[2017.06.29-01.40.23:128][189]LogSavePackage:Display: Finished SavePackage C:/Users/Carlos/Documents/Unreal Projects/UnrealOculusTFM/Content/VirtualRealityBP/Blueprints/NoVRCharacterController.uasset
[2017.06.29-01.41.12:369][ 70]LogEditorTransaction: Undo Add Node
[2017.06.29-01.41.13:438][188]LogSavePackage: Save=14.16ms
[2017.06.29-01.41.13:438][188]LogSavePackage: Moving 'C:/Users/Carlos/Documents/Unreal Projects/UnrealOculusTFM/Saved/NoVRCharacterController6F95C2134954881D9A066289B9E0F2D4.tmp' to 'C:/Users/Carlos/Documents/Unreal Projects/UnrealOculusTFM/Content/VirtualRealityBP/Blueprints/NoVRCharacterController.uasset'
[2017.06.29-01.41.13:440][188]LogSavePackage:Display: Finished SavePackage C:/Users/Carlos/Documents/Unreal Projects/UnrealOculusTFM/Content/VirtualRealityBP/Blueprints/NoVRCharacterController.uasset
[2017.06.29-01.41.37:942][127]LogTemp: Repeting last play command: Selected Viewport
[2017.06.29-01.41.37:946][127]BlueprintLog: New page: Pre-Play auto-recompile
[2017.06.29-01.41.37:946][127]LogPlayLevel: [PlayLevel] Compiling NoVRCharacterController before play...
[2017.06.29-01.41.38:024][127]LogPlayLevel: PlayLevel: Blueprint regeneration took 77 ms (1 blueprints)
[2017.06.29-01.41.38:024][127]PIE: New page: PIE session: NoVRMap (Jun 29, 2017, 5:41:38 AM)
[2017.06.29-01.41.38:024][127]LogPlayLevel: Creating play world package: /Game/VirtualRealityBP/Maps/UEDPIE_0_NoVRMap
[2017.06.29-01.41.38:025][127]LogPlayLevel: PIE: StaticDuplicateObject took: (0.000990s)
[2017.06.29-01.41.38:026][127]LogAIModule: Creating AISystem for world NoVRMap
[2017.06.29-01.41.38:026][127]LogPlayLevel: PIE: World Init took: (0.000714s)
[2017.06.29-01.41.38:026][127]LogPlayLevel: PIE: Created PIE world by copying editor world from /Game/VirtualRealityBP/Maps/NoVRMap.NoVRMap to /Game/VirtualRealityBP/Maps/UEDPIE_0_NoVRMap.NoVRMap (0.002009s)
[2017.06.29-01.41.38:039][127]LogInit: XAudio2 using 'HG216-4 (NVIDIA High Definition Audio)' : 2 channels at 48 kHz using 16 bits per sample (channel mask 0x3)
[2017.06.29-01.41.38:045][127]LogInit: FAudioDevice initialized.
[2017.06.29-01.41.38:084][127]LogUObjectGlobals:Warning: Failed to find object 'Class None.'
[2017.06.29-01.41.38:084][127]LogLoad: Game class is 'GameModeBase'
[2017.06.29-01.41.38:086][127]LogWorld: Bringing World /Game/VirtualRealityBP/Maps/UEDPIE_0_NoVRMap.NoVRMap up for play (max tick rate 0) at 2017.06.29-03.41.38
[2017.06.29-01.41.38:086][127]LogWorld: Bringing up level for play took: 0.001350
[2017.06.29-01.41.38:089][127]PIE: Info Play in editor start time for /Game/VirtualRealityBP/Maps/UEDPIE_0_NoVRMap -0.008
[2017.06.29-01.41.46:583][977]LogSavePackage: Save=14.22ms
[2017.06.29-01.41.46:583][977]LogSavePackage: Moving 'C:/Users/Carlos/Documents/Unreal Projects/UnrealOculusTFM/Saved/NoVRMap0CA1FF81466486F0631D67906406138E.tmp' to 'C:/Users/Carlos/Documents/Unreal Projects/UnrealOculusTFM/Content/VirtualRealityBP/Maps/NoVRMap.umap'
[2017.06.29-01.41.46:586][977]LogSavePackage:Display: Finished SavePackage C:/Users/Carlos/Documents/Unreal Projects/UnrealOculusTFM/Content/VirtualRealityBP/Maps/NoVRMap.umap
[2017.06.29-01.41.46:603][977]LogSavePackage: Save=4.16ms
[2017.06.29-01.41.46:603][977]LogSavePackage: Moving 'C:/Users/Carlos/Documents/Unreal Projects/UnrealOculusTFM/Saved/NoVRMap_BuiltDataBDE96A994695FFB17BB49D826B93B716.tmp' to 'C:/Users/Carlos/Documents/Unreal Projects/UnrealOculusTFM/Content/VirtualRealityBP/Maps/NoVRMap_BuiltData.uasset'
[2017.06.29-01.41.46:604][977]LogSavePackage:Display: Finished SavePackage C:/Users/Carlos/Documents/Unreal Projects/UnrealOculusTFM/Content/VirtualRealityBP/Maps/NoVRMap_BuiltData.uasset
[2017.06.29-01.41.46:807][995]LogSavePackage: Save=13.31ms
[2017.06.29-01.41.46:807][995]LogSavePackage: Moving 'C:/Users/Carlos/Documents/Unreal Projects/UnrealOculusTFM/Saved/NoVRMap03D1F16042C23E934F4DE29342091172.tmp' to 'C:/Users/Carlos/Documents/Unreal Projects/UnrealOculusTFM/Content/VirtualRealityBP/Maps/NoVRMap.umap'
[2017.06.29-01.41.46:808][995]LogSavePackage:Display: Finished SavePackage C:/Users/Carlos/Documents/Unreal Projects/UnrealOculusTFM/Content/VirtualRealityBP/Maps/NoVRMap.umap
[2017.06.29-01.41.46:824][995]LogSavePackage: Save=2.77ms
[2017.06.29-01.41.46:824][995]LogSavePackage: Moving 'C:/Users/Carlos/Documents/Unreal Projects/UnrealOculusTFM/Saved/NoVRMap_BuiltDataD673D1B343E4C555A678CB8B136B1DB6.tmp' to 'C:/Users/Carlos/Documents/Unreal Projects/UnrealOculusTFM/Content/VirtualRealityBP/Maps/NoVRMap_BuiltData.uasset'
[2017.06.29-01.41.46:826][995]LogSavePackage:Display: Finished SavePackage C:/Users/Carlos/Documents/Unreal Projects/UnrealOculusTFM/Content/VirtualRealityBP/Maps/NoVRMap_BuiltData.uasset
[2017.06.29-01.41.49:749][285]LogTemp: Repeting last play command: Selected Viewport
[2017.06.29-01.41.49:753][285]LogPlayLevel: PlayLevel: No blueprints needed recompiling
[2017.06.29-01.41.49:753][285]PIE: New page: PIE session: NoVRMap (Jun 29, 2017, 5:41:49 AM)
[2017.06.29-01.41.49:754][285]LogPlayLevel: Creating play world package: /Game/VirtualRealityBP/Maps/UEDPIE_0_NoVRMap
[2017.06.29-01.41.49:755][285]LogPlayLevel: PIE: StaticDuplicateObject took: (0.001207s)
[2017.06.29-01.41.49:755][285]LogAIModule: Creating AISystem for world NoVRMap
[2017.06.29-01.41.49:755][285]LogPlayLevel: PIE: World Init took: (0.000619s)
[2017.06.29-01.41.49:756][285]LogPlayLevel: PIE: Created PIE world by copying editor world from /Game/VirtualRealityBP/Maps/NoVRMap.NoVRMap to /Game/VirtualRealityBP/Maps/UEDPIE_0_NoVRMap.NoVRMap (0.002054s)
[2017.06.29-01.41.49:772][285]LogInit: XAudio2 using 'HG216-4 (NVIDIA High Definition Audio)' : 2 channels at 48 kHz using 16 bits per sample (channel mask 0x3)
[2017.06.29-01.41.49:778][285]LogInit: FAudioDevice initialized.
[2017.06.29-01.41.50:050][285]LogUObjectGlobals:Warning: Failed to find object 'Class None.'
[2017.06.29-01.41.50:050][285]LogLoad: Game class is 'GameModeBase'
[2017.06.29-01.41.50:052][285]LogWorld: Bringing World /Game/VirtualRealityBP/Maps/UEDPIE_0_NoVRMap.NoVRMap up for play (max tick rate 0) at 2017.06.29-03.41.50
[2017.06.29-01.41.50:052][285]LogWorld: Bringing up level for play took: 0.000784
[2017.06.29-01.41.50:052][285]PIE: Info Play in editor start time for /Game/VirtualRealityBP/Maps/UEDPIE_0_NoVRMap -0.045
[2017.06.29-01.41.52:785][598]LogTemp: Repeting last play command: Selected Viewport
[2017.06.29-01.41.52:790][598]LogPlayLevel: PlayLevel: No blueprints needed recompiling
[2017.06.29-01.41.52:790][598]PIE: New page: PIE session: NoVRMap (Jun 29, 2017, 5:41:52 AM)
[2017.06.29-01.41.52:790][598]LogPlayLevel: Creating play world package: /Game/VirtualRealityBP/Maps/UEDPIE_0_NoVRMap
[2017.06.29-01.41.52:791][598]LogPlayLevel: PIE: StaticDuplicateObject took: (0.000889s)
[2017.06.29-01.41.52:791][598]LogAIModule: Creating AISystem for world NoVRMap
[2017.06.29-01.41.52:792][598]LogPlayLevel: PIE: World Init took: (0.000519s)
[2017.06.29-01.41.52:792][598]LogPlayLevel: PIE: Created PIE world by copying editor world from /Game/VirtualRealityBP/Maps/NoVRMap.NoVRMap to /Game/VirtualRealityBP/Maps/UEDPIE_0_NoVRMap.NoVRMap (0.001652s)
[2017.06.29-01.41.52:811][598]LogInit: XAudio2 using 'HG216-4 (NVIDIA High Definition Audio)' : 2 channels at 48 kHz using 16 bits per sample (channel mask 0x3)
[2017.06.29-01.41.52:816][598]LogInit: FAudioDevice initialized.
[2017.06.29-01.41.52:845][598]LogUObjectGlobals:Warning: Failed to find object 'Class None.'
[2017.06.29-01.41.52:845][598]LogLoad: Game class is 'GameModeBase'
[2017.06.29-01.41.52:847][598]LogWorld: Bringing World /Game/VirtualRealityBP/Maps/UEDPIE_0_NoVRMap.NoVRMap up for play (max tick rate 0) at 2017.06.29-03.41.52
[2017.06.29-01.41.52:847][598]LogWorld: Bringing up level for play took: 0.001102
[2017.06.29-01.41.52:848][598]PIE: Info Play in editor start time for /Game/VirtualRealityBP/Maps/UEDPIE_0_NoVRMap 0.75
[2017.06.29-01.41.57:839][181]LogSavePackage: Save=13.18ms
[2017.06.29-01.41.57:839][181]LogSavePackage: Moving 'C:/Users/Carlos/Documents/Unreal Projects/UnrealOculusTFM/Saved/NoVRMapEF5E79824E292C8D1AB12086B4222B87.tmp' to 'C:/Users/Carlos/Documents/Unreal Projects/UnrealOculusTFM/Content/VirtualRealityBP/Maps/NoVRMap.umap'
[2017.06.29-01.41.57:841][181]LogSavePackage:Display: Finished SavePackage C:/Users/Carlos/Documents/Unreal Projects/UnrealOculusTFM/Content/VirtualRealityBP/Maps/NoVRMap.umap
[2017.06.29-01.41.57:858][181]LogSavePackage: Save=2.76ms
[2017.06.29-01.41.57:858][181]LogSavePackage: Moving 'C:/Users/Carlos/Documents/Unreal Projects/UnrealOculusTFM/Saved/NoVRMap_BuiltData613F68D640A98EB6FD6F38A38C1D907D.tmp' to 'C:/Users/Carlos/Documents/Unreal Projects/UnrealOculusTFM/Content/VirtualRealityBP/Maps/NoVRMap_BuiltData.uasset'
[2017.06.29-01.41.57:859][181]LogSavePackage:Display: Finished SavePackage C:/Users/Carlos/Documents/Unreal Projects/UnrealOculusTFM/Content/VirtualRealityBP/Maps/NoVRMap_BuiltData.uasset
[2017.06.29-01.42.02:110][684]LogEditorViewport: Clicking Background
[2017.06.29-01.42.10:804][727]LogEditorViewport: Clicking on Actor (LMB): NoVRCharacterController_C (NoVRCharacterController)
[2017.06.29-01.42.11:114][755]LogEditorViewport: Clicking Background
[2017.06.29-01.42.11:665][818]LogEditorViewport: Clicking on Actor (LMB): NoVRCharacterController_C (NoVRCharacterController)
[2017.06.29-01.42.14:976][203]LogSavePackage: Save=12.59ms
[2017.06.29-01.42.14:976][203]LogSavePackage: Moving 'C:/Users/Carlos/Documents/Unreal Projects/UnrealOculusTFM/Saved/NoVRMapD6B5EDEF4B2466DE321D6F915846F014.tmp' to 'C:/Users/Carlos/Documents/Unreal Projects/UnrealOculusTFM/Content/VirtualRealityBP/Maps/NoVRMap.umap'
[2017.06.29-01.42.14:979][203]LogSavePackage:Display: Finished SavePackage C:/Users/Carlos/Documents/Unreal Projects/UnrealOculusTFM/Content/VirtualRealityBP/Maps/NoVRMap.umap
[2017.06.29-01.42.15:000][203]LogSavePackage: Save=3.37ms
[2017.06.29-01.42.15:000][203]LogSavePackage: Moving 'C:/Users/Carlos/Documents/Unreal Projects/UnrealOculusTFM/Saved/NoVRMap_BuiltData354875C44E834DC831AA46A3153E093D.tmp' to 'C:/Users/Carlos/Documents/Unreal Projects/UnrealOculusTFM/Content/VirtualRealityBP/Maps/NoVRMap_BuiltData.uasset'
[2017.06.29-01.42.15:001][203]LogSavePackage:Display: Finished SavePackage C:/Users/Carlos/Documents/Unreal Projects/UnrealOculusTFM/Content/VirtualRealityBP/Maps/NoVRMap_BuiltData.uasset
[2017.06.29-01.42.16:547][388]LogTemp: Repeting last play command: Selected Viewport
[2017.06.29-01.42.16:551][388]LogPlayLevel: PlayLevel: No blueprints needed recompiling
[2017.06.29-01.42.16:551][388]PIE: New page: PIE session: NoVRMap (Jun 29, 2017, 5:42:16 AM)
[2017.06.29-01.42.16:551][388]LogPlayLevel: Creating play world package: /Game/VirtualRealityBP/Maps/UEDPIE_0_NoVRMap
[2017.06.29-01.42.16:552][388]LogPlayLevel: PIE: StaticDuplicateObject took: (0.000980s)
[2017.06.29-01.42.16:553][388]LogAIModule: Creating AISystem for world NoVRMap
[2017.06.29-01.42.16:553][388]LogPlayLevel: PIE: World Init took: (0.000506s)
[2017.06.29-01.42.16:553][388]LogPlayLevel: PIE: Created PIE world by copying editor world from /Game/VirtualRealityBP/Maps/NoVRMap.NoVRMap to /Game/VirtualRealityBP/Maps/UEDPIE_0_NoVRMap.NoVRMap (0.001647s)
[2017.06.29-01.42.16:595][388]LogInit: XAudio2 using 'HG216-4 (NVIDIA High Definition Audio)' : 2 channels at 48 kHz using 16 bits per sample (channel mask 0x3)
[2017.06.29-01.42.16:601][388]LogInit: FAudioDevice initialized.
[2017.06.29-01.42.16:628][388]LogUObjectGlobals:Warning: Failed to find object 'Class None.'
[2017.06.29-01.42.16:628][388]LogLoad: Game class is 'GameModeBase'
[2017.06.29-01.42.16:629][388]LogWorld: Bringing World /Game/VirtualRealityBP/Maps/UEDPIE_0_NoVRMap.NoVRMap up for play (max tick rate 0) at 2017.06.29-03.42.16
[2017.06.29-01.42.16:629][388]LogWorld: Bringing up level for play took: 0.000791
[2017.06.29-01.42.16:630][388]PIE: Info Play in editor start time for /Game/VirtualRealityBP/Maps/UEDPIE_0_NoVRMap 0.533
[2017.06.29-01.42.22:094][ 28]LogEditorViewport: Clicking Background
[2017.06.29-01.42.22:156][ 32]LogEditorViewport: Clicking Background
[2017.06.29-01.42.29:296][859]LogSavePackage: Save=12.87ms
[2017.06.29-01.42.29:297][859]LogSavePackage: Moving 'C:/Users/Carlos/Documents/Unreal Projects/UnrealOculusTFM/Saved/NoVRMapDF9A3701484A7E58F9504A88EE703965.tmp' to 'C:/Users/Carlos/Documents/Unreal Projects/UnrealOculusTFM/Content/VirtualRealityBP/Maps/NoVRMap.umap'
[2017.06.29-01.42.29:298][859]LogSavePackage:Display: Finished SavePackage C:/Users/Carlos/Documents/Unreal Projects/UnrealOculusTFM/Content/VirtualRealityBP/Maps/NoVRMap.umap
[2017.06.29-01.42.29:318][859]LogSavePackage: Save=3.31ms
[2017.06.29-01.42.29:318][859]LogSavePackage: Moving 'C:/Users/Carlos/Documents/Unreal Projects/UnrealOculusTFM/Saved/NoVRMap_BuiltData89C1B9B8441B29D937BB7FA4DD593CA4.tmp' to 'C:/Users/Carlos/Documents/Unreal Projects/UnrealOculusTFM/Content/VirtualRealityBP/Maps/NoVRMap_BuiltData.uasset'
[2017.06.29-01.42.29:319][859]LogSavePackage:Display: Finished SavePackage C:/Users/Carlos/Documents/Unreal Projects/UnrealOculusTFM/Content/VirtualRealityBP/Maps/NoVRMap_BuiltData.uasset
[2017.06.29-01.42.34:667][491]LogTemp: Repeting last play command: Selected Viewport
[2017.06.29-01.42.34:672][491]LogPlayLevel: PlayLevel: No blueprints needed recompiling
[2017.06.29-01.42.34:672][491]PIE: New page: PIE session: NoVRMap (Jun 29, 2017, 5:42:34 AM)
[2017.06.29-01.42.34:672][491]LogPlayLevel: Creating play world package: /Game/VirtualRealityBP/Maps/UEDPIE_0_NoVRMap
[2017.06.29-01.42.34:673][491]LogPlayLevel: PIE: StaticDuplicateObject took: (0.000913s)
[2017.06.29-01.42.34:673][491]LogAIModule: Creating AISystem for world NoVRMap
[2017.06.29-01.42.34:673][491]LogPlayLevel: PIE: World Init took: (0.000478s)
[2017.06.29-01.42.34:674][491]LogPlayLevel: PIE: Created PIE world by copying editor world from /Game/VirtualRealityBP/Maps/NoVRMap.NoVRMap to /Game/VirtualRealityBP/Maps/UEDPIE_0_NoVRMap.NoVRMap (0.001544s)
[2017.06.29-01.42.34:712][491]LogInit: XAudio2 using 'HG216-4 (NVIDIA High Definition Audio)' : 2 channels at 48 kHz using 16 bits per sample (channel mask 0x3)
[2017.06.29-01.42.34:717][491]LogInit: FAudioDevice initialized.
[2017.06.29-01.42.34:747][491]LogUObjectGlobals:Warning: Failed to find object 'Class None.'
[2017.06.29-01.42.34:747][491]LogLoad: Game class is 'GameModeBase'
[2017.06.29-01.42.34:749][491]LogWorld: Bringing World /Game/VirtualRealityBP/Maps/UEDPIE_0_NoVRMap.NoVRMap up for play (max tick rate 0) at 2017.06.29-03.42.34
[2017.06.29-01.42.34:749][491]LogWorld: Bringing up level for play took: 0.001093
[2017.06.29-01.42.34:750][491]PIE: Info Play in editor start time for /Game/VirtualRealityBP/Maps/UEDPIE_0_NoVRMap 0.652
[2017.06.29-01.42.38:499][938]LogEditorViewport: Clicking Background
[2017.06.29-01.42.50:834][398]LogTemp: Repeting last play command: Selected Viewport
[2017.06.29-01.42.50:839][398]LogPlayLevel: PlayLevel: No blueprints needed recompiling
[2017.06.29-01.42.50:839][398]PIE: New page: PIE session: NoVRMap (Jun 29, 2017, 5:42:50 AM)
[2017.06.29-01.42.50:839][398]LogPlayLevel: Creating play world package: /Game/VirtualRealityBP/Maps/UEDPIE_0_NoVRMap
[2017.06.29-01.42.50:840][398]LogPlayLevel: PIE: StaticDuplicateObject took: (0.000907s)
[2017.06.29-01.42.50:840][398]LogAIModule: Creating AISystem for world NoVRMap
[2017.06.29-01.42.50:840][398]LogPlayLevel: PIE: World Init took: (0.000529s)
[2017.06.29-01.42.50:841][398]LogPlayLevel: PIE: Created PIE world by copying editor world from /Game/VirtualRealityBP/Maps/NoVRMap.NoVRMap to /Game/VirtualRealityBP/Maps/UEDPIE_0_NoVRMap.NoVRMap (0.001610s)
[2017.06.29-01.42.50:881][398]LogInit: XAudio2 using 'HG216-4 (NVIDIA High Definition Audio)' : 2 channels at 48 kHz using 16 bits per sample (channel mask 0x3)
[2017.06.29-01.42.50:887][398]LogInit: FAudioDevice initialized.
[2017.06.29-01.42.50:916][398]LogUObjectGlobals:Warning: Failed to find object 'Class None.'
[2017.06.29-01.42.50:916][398]LogLoad: Game class is 'GameModeBase'
[2017.06.29-01.42.50:918][398]LogWorld: Bringing World /Game/VirtualRealityBP/Maps/UEDPIE_0_NoVRMap.NoVRMap up for play (max tick rate 0) at 2017.06.29-03.42.50
[2017.06.29-01.42.50:918][398]LogWorld: Bringing up level for play took: 0.000808
[2017.06.29-01.42.50:919][398]PIE: Info Play in editor start time for /Game/VirtualRealityBP/Maps/UEDPIE_0_NoVRMap 0.822
[2017.06.29-01.42.58:029][235]LogTemp: Repeting last play command: Selected Viewport
[2017.06.29-01.42.58:033][235]LogPlayLevel: PlayLevel: No blueprints needed recompiling
[2017.06.29-01.42.58:033][235]PIE: New page: PIE session: NoVRMap (Jun 29, 2017, 5:42:58 AM)
[2017.06.29-01.42.58:034][235]LogPlayLevel: Creating play world package: /Game/VirtualRealityBP/Maps/UEDPIE_0_NoVRMap
[2017.06.29-01.42.58:035][235]LogPlayLevel: PIE: StaticDuplicateObject took: (0.001150s)
[2017.06.29-01.42.58:035][235]LogAIModule: Creating AISystem for world NoVRMap
[2017.06.29-01.42.58:035][235]LogPlayLevel: PIE: World Init took: (0.000476s)
[2017.06.29-01.42.58:035][235]LogPlayLevel: PIE: Created PIE world by copying editor world from /Game/VirtualRealityBP/Maps/NoVRMap.NoVRMap to /Game/VirtualRealityBP/Maps/UEDPIE_0_NoVRMap.NoVRMap (0.001777s)
[2017.06.29-01.42.58:075][235]LogInit: XAudio2 using 'HG216-4 (NVIDIA High Definition Audio)' : 2 channels at 48 kHz using 16 bits per sample (channel mask 0x3)
[2017.06.29-01.42.58:080][235]LogInit: FAudioDevice initialized.
[2017.06.29-01.42.58:109][235]LogUObjectGlobals:Warning: Failed to find object 'Class None.'
[2017.06.29-01.42.58:109][235]LogLoad: Game class is 'GameModeBase'
[2017.06.29-01.42.58:111][235]LogWorld: Bringing World /Game/VirtualRealityBP/Maps/UEDPIE_0_NoVRMap.NoVRMap up for play (max tick rate 0) at 2017.06.29-03.42.58
[2017.06.29-01.42.58:111][235]LogWorld: Bringing up level for play took: 0.001116
[2017.06.29-01.42.58:113][235]PIE: Info Play in editor start time for /Game/VirtualRealityBP/Maps/UEDPIE_0_NoVRMap 0.015
[2017.06.29-01.43.02:178][708]LogTemp: Repeting last play command: Selected Viewport
[2017.06.29-01.43.02:182][708]LogPlayLevel: PlayLevel: No blueprints needed recompiling
[2017.06.29-01.43.02:182][708]PIE: New page: PIE session: NoVRMap (Jun 29, 2017, 5:43:02 AM)
[2017.06.29-01.43.02:182][708]LogPlayLevel: Creating play world package: /Game/VirtualRealityBP/Maps/UEDPIE_0_NoVRMap
[2017.06.29-01.43.02:183][708]LogPlayLevel: PIE: StaticDuplicateObject took: (0.001189s)
[2017.06.29-01.43.02:184][708]LogAIModule: Creating AISystem for world NoVRMap
[2017.06.29-01.43.02:184][708]LogPlayLevel: PIE: World Init took: (0.000634s)
[2017.06.29-01.43.02:184][708]LogPlayLevel: PIE: Created PIE world by copying editor world from /Game/VirtualRealityBP/Maps/NoVRMap.NoVRMap to /Game/VirtualRealityBP/Maps/UEDPIE_0_NoVRMap.NoVRMap (0.002054s)
[2017.06.29-01.43.02:225][708]LogInit: XAudio2 using 'HG216-4 (NVIDIA High Definition Audio)' : 2 channels at 48 kHz using 16 bits per sample (channel mask 0x3)
[2017.06.29-01.43.02:230][708]LogInit: FAudioDevice initialized.
[2017.06.29-01.43.02:259][708]LogUObjectGlobals:Warning: Failed to find object 'Class None.'
[2017.06.29-01.43.02:259][708]LogLoad: Game class is 'GameModeBase'
[2017.06.29-01.43.02:261][708]LogWorld: Bringing World /Game/VirtualRealityBP/Maps/UEDPIE_0_NoVRMap.NoVRMap up for play (max tick rate 0) at 2017.06.29-03.43.02
[2017.06.29-01.43.02:261][708]LogWorld: Bringing up level for play took: 0.000987
[2017.06.29-01.43.02:262][708]PIE: Info Play in editor start time for /Game/VirtualRealityBP/Maps/UEDPIE_0_NoVRMap 0.164
[2017.06.29-01.43.16:048][348]LogEditorViewport: Clicking on Actor (LMB): StaticMeshActor (Plane)
[2017.06.29-01.43.28:950][868]LogEditorTransaction: Undo AddPin
[2017.06.29-01.43.29:335][907]LogEditorTransaction: Undo AddPin
[2017.06.29-01.43.29:622][932]LogSavePackage: Save=12.65ms
[2017.06.29-01.43.29:622][932]LogSavePackage: Moving 'C:/Users/Carlos/Documents/Unreal Projects/UnrealOculusTFM/Saved/NoVRCharacterController8A8E5EAA4339FF81A871D7B53730BB01.tmp' to 'C:/Users/Carlos/Documents/Unreal Projects/UnrealOculusTFM/Content/VirtualRealityBP/Blueprints/NoVRCharacterController.uasset'
[2017.06.29-01.43.29:625][932]LogSavePackage:Display: Finished SavePackage C:/Users/Carlos/Documents/Unreal Projects/UnrealOculusTFM/Content/VirtualRealityBP/Blueprints/NoVRCharacterController.uasset
[2017.06.29-01.43.51:530][538]LogHttp:Warning: 0000027F0AA84880: request failed, libcurl error: 6 (Couldn't resolve host name)
[2017.06.29-01.43.51:530][538]LogHttp:Warning: 0000027F0AA84880: libcurl info message cache 0 (Found bundle for host datarouter.ol.epicgames.com: 0x27ea0437d60 [can pipeline])
[2017.06.29-01.43.51:530][538]LogHttp:Warning: 0000027F0AA84880: libcurl info message cache 1 (Hostname in DNS cache was stale, zapped)
[2017.06.29-01.43.51:530][538]LogHttp:Warning: 0000027F0AA84880: libcurl info message cache 2 (Could not resolve host: datarouter.ol.epicgames.com)
[2017.06.29-01.43.51:530][538]LogHttp:Warning: 0000027F0AA84880: libcurl info message cache 3 (Closing connection 3)
[2017.06.29-01.44.51:532][727]LogSavePackage: Save=13.94ms
[2017.06.29-01.44.51:532][727]LogSavePackage: Moving 'C:/Users/Carlos/Documents/Unreal Projects/UnrealOculusTFM/Saved/NoVRCharacterController645AA02640B37BE936BF38934AA5523D.tmp' to 'C:/Users/Carlos/Documents/Unreal Projects/UnrealOculusTFM/Content/VirtualRealityBP/Blueprints/NoVRCharacterController.uasset'
[2017.06.29-01.44.51:534][727]LogSavePackage:Display: Finished SavePackage C:/Users/Carlos/Documents/Unreal Projects/UnrealOculusTFM/Content/VirtualRealityBP/Blueprints/NoVRCharacterController.uasset
[2017.06.29-01.44.52:586][853]LogTemp: Repeting last play command: Selected Viewport
[2017.06.29-01.44.52:591][853]BlueprintLog: New page: Pre-Play auto-recompile
[2017.06.29-01.44.52:591][853]LogPlayLevel: [PlayLevel] Compiling NoVRCharacterController before play...
[2017.06.29-01.44.52:689][853]LogPlayLevel: PlayLevel: Blueprint regeneration took 97 ms (1 blueprints)
[2017.06.29-01.44.52:689][853]PIE: New page: PIE session: NoVRMap (Jun 29, 2017, 5:44:52 AM)
[2017.06.29-01.44.52:689][853]LogPlayLevel: Creating play world package: /Game/VirtualRealityBP/Maps/UEDPIE_0_NoVRMap
[2017.06.29-01.44.52:690][853]LogPlayLevel: PIE: StaticDuplicateObject took: (0.000884s)
[2017.06.29-01.44.52:690][853]LogAIModule: Creating AISystem for world NoVRMap
[2017.06.29-01.44.52:690][853]LogPlayLevel: PIE: World Init took: (0.000597s)
[2017.06.29-01.44.52:690][853]LogPlayLevel: PIE: Created PIE world by copying editor world from /Game/VirtualRealityBP/Maps/NoVRMap.NoVRMap to /Game/VirtualRealityBP/Maps/UEDPIE_0_NoVRMap.NoVRMap (0.001611s)
[2017.06.29-01.44.52:707][853]LogInit: XAudio2 using 'HG216-4 (NVIDIA High Definition Audio)' : 2 channels at 48 kHz using 16 bits per sample (channel mask 0x3)
[2017.06.29-01.44.52:713][853]LogInit: FAudioDevice initialized.
[2017.06.29-01.44.52:752][853]LogUObjectGlobals:Warning: Failed to find object 'Class None.'
[2017.06.29-01.44.52:752][853]LogLoad: Game class is 'GameModeBase'
[2017.06.29-01.44.52:754][853]LogWorld: Bringing World /Game/VirtualRealityBP/Maps/UEDPIE_0_NoVRMap.NoVRMap up for play (max tick rate 0) at 2017.06.29-03.44.52
[2017.06.29-01.44.52:754][853]LogWorld: Bringing up level for play took: 0.001157
[2017.06.29-01.44.52:757][853]PIE: Info Play in editor start time for /Game/VirtualRealityBP/Maps/UEDPIE_0_NoVRMap 0.66
[2017.06.29-01.44.59:453][635]LogEditorTransaction: Undo Break Pin Link
[2017.06.29-01.45.00:082][704]LogEditorTransaction: Undo Create Pin Link
[2017.06.29-01.45.00:971][810]LogEditorTransaction: Undo Create Pin Link
[2017.06.29-01.45.01:530][867]LogSavePackage: Save=12.28ms
[2017.06.29-01.45.01:530][867]LogSavePackage: Moving 'C:/Users/Carlos/Documents/Unreal Projects/UnrealOculusTFM/Saved/NoVRCharacterController97D4B2234F3B8CA06E424D962C3A141C.tmp' to 'C:/Users/Carlos/Documents/Unreal Projects/UnrealOculusTFM/Content/VirtualRealityBP/Blueprints/NoVRCharacterController.uasset'
[2017.06.29-01.45.01:533][867]LogSavePackage:Display: Finished SavePackage C:/Users/Carlos/Documents/Unreal Projects/UnrealOculusTFM/Content/VirtualRealityBP/Blueprints/NoVRCharacterController.uasset
[2017.06.29-01.45.01:822][898]LogSavePackage: Save=16.00ms
[2017.06.29-01.45.01:822][898]LogSavePackage: Moving 'C:/Users/Carlos/Documents/Unreal Projects/UnrealOculusTFM/Saved/NoVRCharacterControllerFB5940B04659C9B86A18CAAD504E94C2.tmp' to 'C:/Users/Carlos/Documents/Unreal Projects/UnrealOculusTFM/Content/VirtualRealityBP/Blueprints/NoVRCharacterController.uasset'
[2017.06.29-01.45.01:824][898]LogSavePackage:Display: Finished SavePackage C:/Users/Carlos/Documents/Unreal Projects/UnrealOculusTFM/Content/VirtualRealityBP/Blueprints/NoVRCharacterController.uasset
[2017.06.29-01.45.22:230][347]LogHttp:Warning: 0000027EB012B100: request failed, libcurl error: 6 (Couldn't resolve host name)
[2017.06.29-01.45.22:230][347]LogHttp:Warning: 0000027EB012B100: libcurl info message cache 0 (Found bundle for host datarouter.ol.epicgames.com: 0x27ea0437d60 [can pipeline])
[2017.06.29-01.45.22:230][347]LogHttp:Warning: 0000027EB012B100: libcurl info message cache 1 (Re-using existing connection! (#2) with host datarouter.ol.epicgames.com)
[2017.06.29-01.45.22:230][347]LogHttp:Warning: 0000027EB012B100: libcurl info message cache 2 (Connected to datarouter.ol.epicgames.com (52.5.144.78) port 443 (#2))
[2017.06.29-01.45.22:230][347]LogHttp:Warning: 0000027EB012B100: libcurl info message cache 3 (upload completely sent off: 2182 out of 2182 bytes)
[2017.06.29-01.45.22:230][347]LogHttp:Warning: 0000027EB012B100: libcurl info message cache 4 (SSL read: error:00000000:lib(0):func(0):reason(0), errno 10054)
[2017.06.29-01.45.22:230][347]LogHttp:Warning: 0000027EB012B100: libcurl info message cache 5 (Connection died, retrying a fresh connect)
[2017.06.29-01.45.22:230][347]LogHttp:Warning: 0000027EB012B100: libcurl info message cache 6 (Closing connection 2)
[2017.06.29-01.45.22:230][347]LogHttp:Warning: 0000027EB012B100: libcurl info message cache 7 (Issue another request to this URL: 'https://datarouter.ol.epicgames.com/datarouter/api/v1/public/data?SessionID=%7B8DA4361F-4438-5D7D-8F70-20AA77975F19%7D&AppID=UEEditor.Rocket.Release&AppVersion=4.15.3-3450819%2B%2B%2BUE4%2BRelease-4.15&UserID=8371c91447002a950b7b23b405aa991a%7C51cf4b5ba3b44eb8b924f0fc0f9e19c4%7C79c400b3-60a8-49ab-b6d2-2354df5a333a&AppEnvironment=datacollector-binary&UploadType=eteventstream')
[2017.06.29-01.45.22:230][347]LogHttp:Warning: 0000027EB012B100: libcurl info message cache 8 (Could not resolve host: datarouter.ol.epicgames.com)
[2017.06.29-01.45.22:230][347]LogHttp:Warning: 0000027EB012B100: libcurl info message cache 9 (Closing connection 4)
[2017.06.29-01.45.36:993][987]LogHttp:Warning: 0000027F0BA01900: request failed, libcurl error: 6 (Couldn't resolve host name)
[2017.06.29-01.45.36:993][987]LogHttp:Warning: 0000027F0BA01900: libcurl info message cache 0 (Could not resolve host: datarouter.ol.epicgames.com)
[2017.06.29-01.45.36:993][987]LogHttp:Warning: 0000027F0BA01900: libcurl info message cache 1 (Closing connection 5)
[2017.06.29-01.45.51:015][302]LogSavePackage: Save=14.36ms
[2017.06.29-01.45.51:015][302]LogSavePackage: Moving 'C:/Users/Carlos/Documents/Unreal Projects/UnrealOculusTFM/Saved/NoVRCharacterController2B5FE5E84C58D2E99794C18654D925EF.tmp' to 'C:/Users/Carlos/Documents/Unreal Projects/UnrealOculusTFM/Content/VirtualRealityBP/Blueprints/NoVRCharacterController.uasset'
[2017.06.29-01.45.51:018][302]LogSavePackage:Display: Finished SavePackage C:/Users/Carlos/Documents/Unreal Projects/UnrealOculusTFM/Content/VirtualRealityBP/Blueprints/NoVRCharacterController.uasset
[2017.06.29-01.45.51:201][320]LogSavePackage: Save=16.92ms
[2017.06.29-01.45.51:201][320]LogSavePackage: Moving 'C:/Users/Carlos/Documents/Unreal Projects/UnrealOculusTFM/Saved/NoVRCharacterControllerA04378BD472E9E94EBA96BB5F1B81A6F.tmp' to 'C:/Users/Carlos/Documents/Unreal Projects/UnrealOculusTFM/Content/VirtualRealityBP/Blueprints/NoVRCharacterController.uasset'
[2017.06.29-01.45.51:202][320]LogSavePackage:Display: Finished SavePackage C:/Users/Carlos/Documents/Unreal Projects/UnrealOculusTFM/Content/VirtualRealityBP/Blueprints/NoVRCharacterController.uasset
[2017.06.29-01.45.51:562][363]LogTemp: Repeting last play command: Selected Viewport
[2017.06.29-01.45.51:566][363]BlueprintLog: New page: Pre-Play auto-recompile
[2017.06.29-01.45.51:566][363]LogPlayLevel: [PlayLevel] Compiling NoVRCharacterController before play...
[2017.06.29-01.45.51:654][363]LogPlayLevel: PlayLevel: Blueprint regeneration took 87 ms (1 blueprints)
[2017.06.29-01.45.51:654][363]PIE: New page: PIE session: NoVRMap (Jun 29, 2017, 5:45:51 AM)
[2017.06.29-01.45.51:654][363]LogPlayLevel: Creating play world package: /Game/VirtualRealityBP/Maps/UEDPIE_0_NoVRMap
[2017.06.29-01.45.51:655][363]LogPlayLevel: PIE: StaticDuplicateObject took: (0.000858s)
[2017.06.29-01.45.51:655][363]LogAIModule: Creating AISystem for world NoVRMap
[2017.06.29-01.45.51:656][363]LogPlayLevel: PIE: World Init took: (0.000534s)
[2017.06.29-01.45.51:656][363]LogPlayLevel: PIE: Created PIE world by copying editor world from /Game/VirtualRealityBP/Maps/NoVRMap.NoVRMap to /Game/VirtualRealityBP/Maps/UEDPIE_0_NoVRMap.NoVRMap (0.001588s)
[2017.06.29-01.45.51:670][363]LogInit: XAudio2 using 'HG216-4 (NVIDIA High Definition Audio)' : 2 channels at 48 kHz using 16 bits per sample (channel mask 0x3)
[2017.06.29-01.45.51:675][363]LogInit: FAudioDevice initialized.
[2017.06.29-01.45.51:708][363]LogUObjectGlobals:Warning: Failed to find object 'Class None.'
[2017.06.29-01.45.51:708][363]LogLoad: Game class is 'GameModeBase'
[2017.06.29-01.45.51:709][363]LogWorld: Bringing World /Game/VirtualRealityBP/Maps/UEDPIE_0_NoVRMap.NoVRMap up for play (max tick rate 0) at 2017.06.29-03.45.51
[2017.06.29-01.45.51:710][363]LogWorld: Bringing up level for play took: 0.000968
[2017.06.29-01.45.51:712][363]PIE: Info Play in editor start time for /Game/VirtualRealityBP/Maps/UEDPIE_0_NoVRMap -0.385
[2017.06.29-01.46.02:226][604]LogTemp: Repeting last play command: Selected Viewport
[2017.06.29-01.46.02:231][604]LogPlayLevel: PlayLevel: No blueprints needed recompiling
[2017.06.29-01.46.02:231][604]PIE: New page: PIE session: NoVRMap (Jun 29, 2017, 5:46:02 AM)
[2017.06.29-01.46.02:231][604]LogPlayLevel: Creating play world package: /Game/VirtualRealityBP/Maps/UEDPIE_0_NoVRMap
[2017.06.29-01.46.02:232][604]LogPlayLevel: PIE: StaticDuplicateObject took: (0.000932s)
[2017.06.29-01.46.02:232][604]LogAIModule: Creating AISystem for world NoVRMap
[2017.06.29-01.46.02:233][604]LogPlayLevel: PIE: World Init took: (0.000509s)
[2017.06.29-01.46.02:233][604]LogPlayLevel: PIE: Created PIE world by copying editor world from /Game/VirtualRealityBP/Maps/NoVRMap.NoVRMap to /Game/VirtualRealityBP/Maps/UEDPIE_0_NoVRMap.NoVRMap (0.001585s)
[2017.06.29-01.46.02:250][604]LogInit: XAudio2 using 'HG216-4 (NVIDIA High Definition Audio)' : 2 channels at 48 kHz using 16 bits per sample (channel mask 0x3)
[2017.06.29-01.46.02:256][604]LogInit: FAudioDevice initialized.
[2017.06.29-01.46.02:292][604]LogUObjectGlobals:Warning: Failed to find object 'Class None.'
[2017.06.29-01.46.02:292][604]LogLoad: Game class is 'GameModeBase'
[2017.06.29-01.46.02:294][604]LogWorld: Bringing World /Game/VirtualRealityBP/Maps/UEDPIE_0_NoVRMap.NoVRMap up for play (max tick rate 0) at 2017.06.29-03.46.02
[2017.06.29-01.46.02:294][604]LogWorld: Bringing up level for play took: 0.001039
[2017.06.29-01.46.02:297][604]PIE: Info Play in editor start time for /Game/VirtualRealityBP/Maps/UEDPIE_0_NoVRMap 0.2
[2017.06.29-01.46.09:766][476]LogSavePackage: Save=13.40ms
[2017.06.29-01.46.09:766][476]LogSavePackage: Moving 'C:/Users/Carlos/Documents/Unreal Projects/UnrealOculusTFM/Saved/NoVRCharacterControllerC7641D734CC2286AF7A0C0ADDDEDF232.tmp' to 'C:/Users/Carlos/Documents/Unreal Projects/UnrealOculusTFM/Content/VirtualRealityBP/Blueprints/NoVRCharacterController.uasset'
[2017.06.29-01.46.09:768][476]LogSavePackage:Display: Finished SavePackage C:/Users/Carlos/Documents/Unreal Projects/UnrealOculusTFM/Content/VirtualRealityBP/Blueprints/NoVRCharacterController.uasset
[2017.06.29-01.46.37:182][956]LogHttp:Warning: 0000027EDB60F880: request failed, libcurl error: 6 (Couldn't resolve host name)
[2017.06.29-01.46.37:182][956]LogHttp:Warning: 0000027EDB60F880: libcurl info message cache 0 (Could not resolve host: datarouter.ol.epicgames.com)
[2017.06.29-01.46.37:182][956]LogHttp:Warning: 0000027EDB60F880: libcurl info message cache 1 (Closing connection 6)
[2017.06.29-01.48.25:797][457]LogHttp:Warning: 0000027F14B04580: request failed, libcurl error: 6 (Couldn't resolve host name)
[2017.06.29-01.48.25:797][457]LogHttp:Warning: 0000027F14B04580: libcurl info message cache 0 (Could not resolve host: datarouter.ol.epicgames.com)
[2017.06.29-01.48.25:797][457]LogHttp:Warning: 0000027F14B04580: libcurl info message cache 1 (Closing connection 7)
[2017.06.29-01.48.28:220][743]LogSavePackage: Save=20.82ms
[2017.06.29-01.48.28:220][743]LogSavePackage: Moving 'C:/Users/Carlos/Documents/Unreal Projects/UnrealOculusTFM/Saved/NoVRCharacterController06F4AA9E4CD571763BF42196D3431DAE.tmp' to 'C:/Users/Carlos/Documents/Unreal Projects/UnrealOculusTFM/Content/VirtualRealityBP/Blueprints/NoVRCharacterController.uasset'
[2017.06.29-01.48.28:222][743]LogSavePackage:Display: Finished SavePackage C:/Users/Carlos/Documents/Unreal Projects/UnrealOculusTFM/Content/VirtualRealityBP/Blueprints/NoVRCharacterController.uasset
[2017.06.29-01.48.30:761][ 39]LogSavePackage: Save=13.38ms
[2017.06.29-01.48.30:761][ 39]LogSavePackage: Moving 'C:/Users/Carlos/Documents/Unreal Projects/UnrealOculusTFM/Saved/NoVRMap7A76950B4D56937AE629D39C9C02D67A.tmp' to 'C:/Users/Carlos/Documents/Unreal Projects/UnrealOculusTFM/Content/VirtualRealityBP/Maps/NoVRMap.umap'
[2017.06.29-01.48.30:764][ 39]LogSavePackage:Display: Finished SavePackage C:/Users/Carlos/Documents/Unreal Projects/UnrealOculusTFM/Content/VirtualRealityBP/Maps/NoVRMap.umap
[2017.06.29-01.48.30:781][ 39]LogSavePackage: Save=3.05ms
[2017.06.29-01.48.30:781][ 39]LogSavePackage: Moving 'C:/Users/Carlos/Documents/Unreal Projects/UnrealOculusTFM/Saved/NoVRMap_BuiltDataFB7F3C974CBE1D6EF12061BC7F97EB42.tmp' to 'C:/Users/Carlos/Documents/Unreal Projects/UnrealOculusTFM/Content/VirtualRealityBP/Maps/NoVRMap_BuiltData.uasset'
[2017.06.29-01.48.30:782][ 39]LogSavePackage:Display: Finished SavePackage C:/Users/Carlos/Documents/Unreal Projects/UnrealOculusTFM/Content/VirtualRealityBP/Maps/NoVRMap_BuiltData.uasset
[2017.06.29-01.48.32:378][230]LogTemp: Repeting last play command: Selected Viewport
[2017.06.29-01.48.32:382][230]LogPlayLevel: PlayLevel: No blueprints needed recompiling
[2017.06.29-01.48.32:382][230]PIE: New page: PIE session: NoVRMap (Jun 29, 2017, 5:48:32 AM)
[2017.06.29-01.48.32:382][230]LogPlayLevel: Creating play world package: /Game/VirtualRealityBP/Maps/UEDPIE_0_NoVRMap
[2017.06.29-01.48.32:384][230]LogPlayLevel: PIE: StaticDuplicateObject took: (0.001162s)
[2017.06.29-01.48.32:384][230]LogAIModule: Creating AISystem for world NoVRMap
[2017.06.29-01.48.32:384][230]LogPlayLevel: PIE: World Init took: (0.000761s)
[2017.06.29-01.48.32:384][230]LogPlayLevel: PIE: Created PIE world by copying editor world from /Game/VirtualRealityBP/Maps/NoVRMap.NoVRMap to /Game/VirtualRealityBP/Maps/UEDPIE_0_NoVRMap.NoVRMap (0.002118s)
[2017.06.29-01.48.32:403][230]LogInit: XAudio2 using 'HG216-4 (NVIDIA High Definition Audio)' : 2 channels at 48 kHz using 16 bits per sample (channel mask 0x3)
[2017.06.29-01.48.32:408][230]LogInit: FAudioDevice initialized.
[2017.06.29-01.48.32:448][230]LogUObjectGlobals:Warning: Failed to find object 'Class None.'
[2017.06.29-01.48.32:448][230]LogLoad: Game class is 'GameModeBase'
[2017.06.29-01.48.32:450][230]LogWorld: Bringing World /Game/VirtualRealityBP/Maps/UEDPIE_0_NoVRMap.NoVRMap up for play (max tick rate 0) at 2017.06.29-03.48.32
[2017.06.29-01.48.32:450][230]LogWorld: Bringing up level for play took: 0.001055
[2017.06.29-01.48.32:453][230]PIE: Info Play in editor start time for /Game/VirtualRealityBP/Maps/UEDPIE_0_NoVRMap 0.356
[2017.06.29-01.49.25:805][387]LogHttp:Warning: 0000027F14C61600: request failed, libcurl error: 6 (Couldn't resolve host name)
[2017.06.29-01.49.25:805][387]LogHttp:Warning: 0000027F14C61600: libcurl info message cache 0 (Could not resolve host: datarouter.ol.epicgames.com)
[2017.06.29-01.49.25:805][387]LogHttp:Warning: 0000027F14C61600: libcurl info message cache 1 (Closing connection 8)
