Log file open, 06/29/17 23:33:08
LogInit:Display: Running engine for game: UnrealOculusTFM
LogPlatformFile: Not using cached read wrapper
LogInit:Display: RandInit(-2011819933) SRandInit(-2011819933).
LogTaskGraph: Started task graph with 5 named threads and 8 total threads with 1 sets of task threads.
LogStats: Stats thread started at 0.071186
LogInit: Using libcurl 7.47.1
LogInit:  - built for x86_64-pc-win32
LogInit:  - supports SSL with OpenSSL/1.0.2g
LogInit:  - supports HTTP deflate (compression) using libz 1.2.8
LogInit:  - other features:
LogInit:      CURL_VERSION_SSL
LogInit:      CURL_VERSION_LIBZ
LogInit:      CURL_VERSION_IPV6
LogInit:      CURL_VERSION_ASYNCHDNS
LogInit:      CURL_VERSION_LARGEFILE
LogInit:      CURL_VERSION_IDN
LogInit:  CurlRequestOptions (configurable via config and command line):
LogInit:  - bVerifyPeer = false  - Libcurl will NOT verify peer certificate
LogInit:  - bUseHttpProxy = false  - Libcurl will NOT use HTTP proxy
LogInit:  - bDontReuseConnections = false  - Libcurl will reuse connections
LogInit:  - CertBundlePath = nullptr  - Libcurl will use whatever was configured at build time.
LogInit: Build: ++UE4+Release-4.15-CL-3450819
LogInit: Engine Version: 4.15.3-3450819+++UE4+Release-4.15
LogInit: Compatible Engine Version: 4.15.0-3299760+++UE4+Release-4.15
LogInit: Net CL: 3299760
LogDevObjectVersion: Number of dev versions registered: 14
LogDevObjectVersion:   Dev-Blueprints (B0D832E4-1F89-4F0D-ACCF-7EB736FD4AA2): 8
LogDevObjectVersion:   Dev-Build (E1C64328-A22C-4D53-A36C-8E866417BD8C): 0
LogDevObjectVersion:   Dev-Core (375EC13C-06E4-48FB-B500-84F0262A717E): 2
LogDevObjectVersion:   Dev-Editor (E4B068ED-F494-42E9-A231-DA0B2E46BB41): 14
LogDevObjectVersion:   Dev-Framework (CFFC743F-43B0-4480-9391-14DF171D2073): 22
LogDevObjectVersion:   Dev-Mobile (B02B49B5-BB20-44E9-A304-32B752E40360): 0
LogDevObjectVersion:   Dev-Networking (A4E4105C-59A1-49B5-A7C5-40C4547EDFEE): 0
LogDevObjectVersion:   Dev-Online (39C831C9-5AE6-47DC-9A44-9C173E1C8E7C): 0
LogDevObjectVersion:   Dev-Physics (78F01B33-EBEA-4F98-B9B4-84EACCB95AA2): 0
LogDevObjectVersion:   Dev-Platform (6631380F-2D4D-43E0-8009-CF276956A95A): 0
LogDevObjectVersion:   Dev-Rendering (12F88B9F-8875-4AFC-A67C-D90C383ABD29): 12
LogDevObjectVersion:   Dev-Sequencer (7B5AE74C-D270-4C10-A958-57980B212A5A): 3
LogDevObjectVersion:   Dev-VR (D7296918-1DD6-4BDD-9DE2-64A83CC13884): 0
LogDevObjectVersion:   Dev-LoadTimes (C2A15278-BFE7-4AFE-6C17-90FF531DF755): 1
LogInit: Compiled (64-bit): May 21 2017 11:02:34
LogInit: Compiled with Visual C++: 19.00.23026.00
LogInit: Build Configuration: Development
LogInit: Branch Name: ++UE4+Release-4.15
LogInit: Command line: -EpicPortal 
LogInit: Base directory: D:/Epic Games/UE_4.15/Engine/Binaries/Win64/
LogInit: Installed Engine Build: 1
LogInit: Presizing for max 8388607 objects, including 0 objects not considered by GC, pre-allocating 0 bytes for permanent pool.
LogInit: Object subsystem initialized
[2017.06.29-21.33.09:509][  0]LogConsoleManager:Display: Setting the console variable 'r.RHICmdBypass' with 'SetByProjectSetting' was ignored as it is lower priority than the previous 'SetBySystemSettingsIni'. Value remains '1'
[2017.06.29-21.33.09:511][  0]LogInit: Selected Device Profile: [Windows]
[2017.06.29-21.33.09:511][  0]LogInit: Applying CVar settings loaded from the selected device profile: [Windows]
[2017.06.29-21.33.09:517][  0]LogInit: Computer: CARLOS-PC
[2017.06.29-21.33.09:517][  0]LogInit: User: Carlos
[2017.06.29-21.33.09:517][  0]LogInit: CPU Page size=65536, Cores=4
[2017.06.29-21.33.09:517][  0]LogInit: High frequency timer resolution =3.906265 MHz
[2017.06.29-21.33.09:517][  0]LogMemory: Memory total: Physical=15.9GB (16GB approx)
[2017.06.29-21.33.09:517][  0]LogMemory: Platform Memory Stats for Windows
[2017.06.29-21.33.09:517][  0]LogMemory: Process Physical Memory: 263.64 MB used, 263.64 MB peak
[2017.06.29-21.33.09:517][  0]LogMemory: Process Virtual Memory: 262.60 MB used, 262.60 MB peak
[2017.06.29-21.33.09:517][  0]LogMemory: Physical Memory: 10417.87 MB used,  5914.75 MB free, 16332.61 MB total
[2017.06.29-21.33.09:517][  0]LogMemory: Virtual Memory: 631.06 MB used,  5914.75 MB free, 134217728.00 MB total
[2017.06.29-21.33.09:568][  0]LogInit: Overriding culture en with editor configuration.
[2017.06.29-21.33.10:139][  0]LogD3D11RHI: D3D11 adapters:
[2017.06.29-21.33.10:678][  0]LogD3D11RHI:    0. 'NVIDIA GeForce GTX 1070' (Feature Level 11_0)
[2017.06.29-21.33.10:678][  0]LogD3D11RHI:       8119/0/8166 MB DedicatedVideo/DedicatedSystem/SharedSystem, Outputs:1, VendorId:0x10de
[2017.06.29-21.33.10:680][  0]LogD3D11RHI:    1. 'Microsoft Basic Render Driver' (Feature Level 11_0)
[2017.06.29-21.33.10:680][  0]LogD3D11RHI:       0/0/8166 MB DedicatedVideo/DedicatedSystem/SharedSystem, Outputs:0, VendorId:0x1414
[2017.06.29-21.33.10:680][  0]LogD3D11RHI: Chosen D3D11 Adapter: 0
[2017.06.29-21.33.10:685][  0]LogD3D11RHI: Creating new Direct3DDevice
[2017.06.29-21.33.10:685][  0]LogD3D11RHI:     GPU DeviceId: 0x1b81 (for the marketing name, search the web for "GPU Device Id")
[2017.06.29-21.33.10:685][  0]LogWindows: EnumDisplayDevices:
[2017.06.29-21.33.10:685][  0]LogWindows:    0. 'NVIDIA GeForce GTX 1070' (P:1 D:1)
[2017.06.29-21.33.10:686][  0]LogWindows:    1. 'NVIDIA GeForce GTX 1070' (P:0 D:0)
[2017.06.29-21.33.10:686][  0]LogWindows:    2. 'NVIDIA GeForce GTX 1070' (P:0 D:0)
[2017.06.29-21.33.10:686][  0]LogWindows:    3. 'NVIDIA GeForce GTX 1070' (P:0 D:0)
[2017.06.29-21.33.10:686][  0]LogWindows: DebugString: FoundDriverCount:4 
[2017.06.29-21.33.10:686][  0]LogD3D11RHI:     Adapter Name: NVIDIA GeForce GTX 1070
[2017.06.29-21.33.10:686][  0]LogD3D11RHI:   Driver Version: 382.53 (internal:22.21.13.8253, unified:382.53)
[2017.06.29-21.33.10:686][  0]LogD3D11RHI:      Driver Date: 6-7-2017
[2017.06.29-21.33.10:686][  0]LogRHI: Texture pool is 1361 MB (70% of 1945 MB)
[2017.06.29-21.33.11:162][  0]LogD3D11RHI: Async texture creation enabled
[2017.06.29-21.33.11:187][  0]LogD3D11RHI: GPU Timing Frequency: 1000.000000 (Debug: 2 1)
[2017.06.29-21.33.11:235][  0]LogShaderCompilers: Guid format shader working directory is -10 characters bigger than the processId version (C:/Users/Carlos/Documents/Unreal Projects/UnrealOculusTFM/Intermediate/Shaders/WorkingDirectory/7332/).
[2017.06.29-21.33.11:235][  0]LogShaderCompilers: Cleaned the shader compiler working directory 'C:/Users/Carlos/AppData/Local/Temp/UnrealShaderWorkingDir/2553CCE54D0F13BD957E049C00C32CAC/'.
[2017.06.29-21.33.11:235][  0]LogShaderCompilers:Display: Using Local Shader Compiler.
[2017.06.29-21.33.12:106][  0]LogTemp:Display: Loaded TP AllDesktopTargetPlatform
[2017.06.29-21.33.12:151][  0]LogTemp:Display: Loaded TP MacClientTargetPlatform
[2017.06.29-21.33.12:191][  0]LogTemp:Display: Loaded TP MacNoEditorTargetPlatform
[2017.06.29-21.33.12:232][  0]LogTemp:Display: Loaded TP MacServerTargetPlatform
[2017.06.29-21.33.12:271][  0]LogTemp:Display: Loaded TP MacTargetPlatform
[2017.06.29-21.33.12:312][  0]LogTemp:Display: Loaded TP WindowsClientTargetPlatform
[2017.06.29-21.33.12:353][  0]LogTemp:Display: Loaded TP WindowsNoEditorTargetPlatform
[2017.06.29-21.33.12:393][  0]LogTemp:Display: Loaded TP WindowsServerTargetPlatform
[2017.06.29-21.33.12:426][  0]LogTemp:Display: Loaded TP WindowsTargetPlatform
[2017.06.29-21.33.12:466][  0]LogTemp:Display: Loaded TP AndroidTargetPlatform
[2017.06.29-21.33.12:504][  0]LogTemp:Display: Loaded TP Android_ASTCTargetPlatform
[2017.06.29-21.33.12:542][  0]LogTemp:Display: Loaded TP Android_ATCTargetPlatform
[2017.06.29-21.33.12:580][  0]LogTemp:Display: Loaded TP Android_DXTTargetPlatform
[2017.06.29-21.33.12:617][  0]LogTemp:Display: Loaded TP Android_ETC1TargetPlatform
[2017.06.29-21.33.12:656][  0]LogTemp:Display: Loaded TP Android_ETC2TargetPlatform
[2017.06.29-21.33.12:732][  0]LogTemp:Display: Loaded TP Android_MultiTargetPlatform
[2017.06.29-21.33.12:732][  0]LogTemp:Display: Loaded TP Android_PVRTCTargetPlatform
[2017.06.29-21.33.12:757][  0]LogTemp:Display: Loaded TP HTML5TargetPlatform
[2017.06.29-21.33.12:829][  0]LogTemp:Display: Loaded TP IOSTargetPlatform
[2017.06.29-21.33.12:853][  0]LogTemp:Display: Loaded TP TVOSTargetPlatform
[2017.06.29-21.33.12:891][  0]LogTemp:Display: Loaded TP LinuxClientTargetPlatform
[2017.06.29-21.33.12:929][  0]LogTemp:Display: Loaded TP LinuxNoEditorTargetPlatform
[2017.06.29-21.33.12:966][  0]LogTemp:Display: Loaded TP LinuxServerTargetPlatform
[2017.06.29-21.33.13:004][  0]LogTemp:Display: Loaded TP LinuxTargetPlatform
[2017.06.29-21.33.13:004][  0]LogTargetPlatformManager:Display: Building Assets For Windows
[2017.06.29-21.33.13:278][  0]LogDerivedDataCache:Display: Max Cache Size: 512 MB
[2017.06.29-21.33.13:331][  0]LogDerivedDataCache: Loaded boot cache 0.05s 61MB C:/Users/Carlos/AppData/Local/UnrealEngine/4.15/DerivedDataCache/Boot.ddc.
[2017.06.29-21.33.13:331][  0]LogDerivedDataCache:Display: Loaded Boot cache: C:/Users/Carlos/AppData/Local/UnrealEngine/4.15/DerivedDataCache/Boot.ddc
[2017.06.29-21.33.13:331][  0]LogDerivedDataCache: FDerivedDataBackendGraph:  Pak pak cache file C:/Users/Carlos/Documents/Unreal Projects/UnrealOculusTFM/DerivedDataCache/DDC.ddp not found, will not use a pak cache.
[2017.06.29-21.33.13:331][  0]LogDerivedDataCache: Unable to find inner node Pak for hierarchical cache Hierarchy.
[2017.06.29-21.33.13:331][  0]LogDerivedDataCache: FDerivedDataBackendGraph:  CompressedPak pak cache file C:/Users/Carlos/Documents/Unreal Projects/UnrealOculusTFM/DerivedDataCache/Compressed.ddp not found, will not use a pak cache.
[2017.06.29-21.33.13:331][  0]LogDerivedDataCache: Unable to find inner node CompressedPak for hierarchical cache Hierarchy.
[2017.06.29-21.33.13:345][  0]LogDerivedDataCache:Display: Pak cache opened for reading ../../../Engine/DerivedDataCache/Compressed.ddp.
[2017.06.29-21.33.13:356][  0]LogDerivedDataCache: Using Local data cache path C:/Users/Carlos/AppData/Local/UnrealEngine/Common/DerivedDataCache: Writable
[2017.06.29-21.33.13:364][  0]LogSlate: Using Freetype 2.6.0
[2017.06.29-21.33.13:365][  0]LogSlate: SlateFontCache - WITH_FREETYPE: 1, WITH_HARFBUZZ: 1
[2017.06.29-21.33.13:365][  0]LogSlate: SlateFontCache - WITH_FREETYPE: 1, WITH_HARFBUZZ: 1
[2017.06.29-21.33.13:612][  0]LogInit: Selected Device Profile: [Windows]
[2017.06.29-21.33.13:614][  0]LogContentStreaming: Texture pool size is 0.00 MB
[2017.06.29-21.33.13:767][  0]LogMeshUtilities: Using QuadricMeshReduction for automatic static mesh reduction
[2017.06.29-21.33.13:795][  0]LogSimplygon: Simplygon DLL not present - disabling.
[2017.06.29-21.33.13:831][  0]LogMeshUtilities: Using SimplygonSwarm for distributed automatic mesh merging
[2017.06.29-21.33.13:831][  0]LogMeshUtilities: No automatic skeletal mesh reduction module available
[2017.06.29-21.33.13:831][  0]LogMeshUtilities: No automatic mesh merging module available
[2017.06.29-21.33.14:232][  0]LogNetVersion: GetLocalNetworkVersion: CL: 3299760, ProjectName: unrealoculustfm, ProjectVersion: , EngineNetworkVersion: 2, GameNetworkVersion: 0, NetworkChecksum: 3001024160
[2017.06.29-21.33.14:269][  0]LogAssetRegistry: FAssetRegistry took 0.0212 seconds to start up
[2017.06.29-21.33.14:293][  0]LogPackageLocalizationCache: Processed 3 localized package path(s) for 1 prioritized culture(s) in 0.011879 seconds
[2017.06.29-21.33.14:297][  0]LogUObjectArray: 32493 objects as part of root set at end of initial load.
[2017.06.29-21.33.14:297][  0]LogUObjectAllocator: 7077024 out of 0 bytes used by permanent object pool.
[2017.06.29-21.33.14:297][  0]LogUObjectArray: CloseDisregardForGC: 0/0 objects in disregard for GC pool
[2017.06.29-21.33.14:333][  0]LogInit: WinSock: version 1.1 (2.2), MaxSocks=32767, MaxUdp=65467
[2017.06.29-21.33.15:630][  0]LogTcpMessaging: Initializing TcpMessaging bridge
[2017.06.29-21.33.15:661][  0]LogUdpMessaging: Initializing bridge on interface 0.0.0.0:0 to multicast group 230.0.0.1:6666.
[2017.06.29-21.33.15:996][  0]LogMaterial: Uniform references updated for custom material expression Custom.
[2017.06.29-21.33.16:263][  0]SourceControl: Info Source control is disabled
[2017.06.29-21.33.16:264][  0]SourceControl: Info Source control is disabled
[2017.06.29-21.33.16:297][  0]SourceControl: Info Source control is disabled
[2017.06.29-21.33.16:328][  0]SourceControl: Info Source control is disabled
[2017.06.29-21.33.17:193][  0]LogEngine: Initializing Engine...
[2017.06.29-21.33.17:193][  0]LogHMD: Failed to initialize OpenVR with code 110
[2017.06.29-21.33.17:281][  0]LogStats: UGameplayTagsManager::ConstructGameplayTagTree: Construct from data asset -  0.000 s
[2017.06.29-21.33.17:281][  0]LogStats: UGameplayTagsManager::ConstructGameplayTagTree: GameplayTagTreeChangedEvent.Broadcast -  0.000 s
[2017.06.29-21.33.17:362][  0]LogAIModule: Creating AISystem for world Untitled
[2017.06.29-21.33.17:368][  0]LogInit: XAudio2 using 'Altavoces (Realtek High Definition Audio)' : 6 channels at 48 kHz using 32 bits per sample (channel mask 0x3f)
[2017.06.29-21.33.17:386][  0]LogInit: FAudioDevice initialized.
[2017.06.29-21.33.17:419][  0]LogDerivedDataCache: Saved boot cache 0.03s 61MB C:/Users/Carlos/AppData/Local/UnrealEngine/4.15/DerivedDataCache/Boot.ddc.
[2017.06.29-21.33.17:428][  0]LogInit: Texture streaming: Enabled
[2017.06.29-21.33.17:485][  0]LogEngineSessionManager: EngineSessionManager initialized
[2017.06.29-21.33.17:547][  0]LogInit: Transaction tracking system initialized
[2017.06.29-21.33.17:771][  0]BlueprintLog: New page: Editor Load
[2017.06.29-21.33.18:375][  0]LocalizationService: Info Localization service is disabled
[2017.06.29-21.33.18:826][  0]LogConsoleResponse:Display: 
[2017.06.29-21.33.18:919][  0]LogCook:Display: Max memory allowance for cook 16384mb min free memory 0mb
[2017.06.29-21.33.18:919][  0]LogCook:Display: Mobile HDR setting 1
[2017.06.29-21.33.19:234][  0]LogFileCache: Scanning file cache for directory 'C:/Users/Carlos/Documents/Unreal Projects/UnrealOculusTFM/Content/' took 0.01s
[2017.06.29-21.33.19:620][  0]SourceControl: Info Source control is disabled
[2017.06.29-21.33.19:620][  0]Cmd: MAP LOAD FILE="C:/Users/Carlos/Documents/Unreal Projects/UnrealOculusTFM/Content/VirtualRealityBP/Maps/StartupMap.umap" TEMPLATE=0 SHOWPROGRESS=1 FEATURELEVEL=3
[2017.06.29-21.33.19:620][  0]LightingResults: New page: Lighting Build
[2017.06.29-21.33.19:647][  0]MapCheck: New page: Map Check
[2017.06.29-21.33.19:647][  0]LightingResults: New page: Lighting Build
[2017.06.29-21.33.19:705][  0]LogAIModule: Creating AISystem for world StartupMap
[2017.06.29-21.33.19:723][  0]LogEditorServer: Finished looking for orphan Actors (0.000 secs)
[2017.06.29-21.33.19:724][  0]Cmd: MAP CHECKDEP NOCLEARLOG
[2017.06.29-21.33.19:773][  0]MapCheck: Info Map check complete: 0 Error(s), 0 Warning(s), took 49.543ms to complete.
[2017.06.29-21.33.19:773][  0]LogFileHelpers: Loading map 'StartupMap' took 0.154
[2017.06.29-21.33.19:910][  0]LogCollectionManager: Loaded 1 collections in 0.002359 seconds
[2017.06.29-21.33.19:975][  0]LogFileCache: Scanning file cache for directory 'C:/Users/Carlos/Documents/Unreal Projects/UnrealOculusTFM/Saved/Collections/' took 0.01s
[2017.06.29-21.33.19:975][  0]LogFileCache: Scanning file cache for directory 'C:/Users/Carlos/Documents/Unreal Projects/UnrealOculusTFM/Content/Developers/Carlos/Collections/' took 0.01s
[2017.06.29-21.33.19:975][  0]LogFileCache: Scanning file cache for directory 'C:/Users/Carlos/Documents/Unreal Projects/UnrealOculusTFM/Content/Collections/' took 0.01s
[2017.06.29-21.33.19:975][  0]LogCollectionManager: Rebuilt the GUID cache for 1 collections in 0.000004 seconds
[2017.06.29-21.33.19:975][  0]LogCollectionManager: Rebuilt the hierarchy cache for 1 collections in 0.000000 seconds
[2017.06.29-21.33.19:982][  0]LogContentBrowser: Native class hierarchy populated in 0.0067 seconds. Added 2245 classes and 453 folders.
[2017.06.29-21.33.20:025][  0]LogContentBrowser: Native class hierarchy updated for 'WidgetCarousel' in 0.0004 seconds. Added 0 classes and 0 folders.
[2017.06.29-21.33.20:067][  0]LogContentBrowser: Native class hierarchy updated for 'AddContentDialog' in 0.0004 seconds. Added 0 classes and 0 folders.
[2017.06.29-21.33.20:096][  0]LogContentBrowser: Native class hierarchy updated for 'SceneOutliner' in 0.0004 seconds. Added 1 classes and 2 folders.
[2017.06.29-21.33.20:129][  0]LogCrashTracker: Crashtracker disabled due to settings.
[2017.06.29-21.33.20:982][  0]LogSlate: Only BGRA pngs, bmps or icos are supported in by External Image Picker
[2017.06.29-21.33.21:021][  0]LogTemp:Display: Executing iPhonePackager certificates Engine -bundlename com.YourCompany.UnrealOculusTFM

[2017.06.29-21.33.21:021][  0]LogTemp:Display: CWD: D:\Epic Games\UE_4.15\Engine\Binaries\DotNET\IOS

[2017.06.29-21.33.21:021][  0]LogTemp:Display: Initial Dir: D:\Epic Games\UE_4.15

[2017.06.29-21.33.21:021][  0]LogTemp:Display: Env CWD: D:\Epic Games\UE_4.15\Engine\Binaries\DotNET\IOS

[2017.06.29-21.33.21:021][  0]LogTemp:Display: BranchPath = CARLOS-PC/D/Epic Games/UE_4.15/Engine/Binaries --- GameBranchPath = CARLOS-PC/D/Epic Games/UE_4.15/Engine/Binaries

[2017.06.29-21.33.21:021][  0]LogSlate: Took 0.000291 seconds to synchronously load lazily loaded font '../../../Engine/Content/Slate/Fonts/Roboto-Regular.ttf' (155K)
[2017.06.29-21.33.21:546][  0]LogTemp:Display: IPP ERROR: Application exception: System.IO.DirectoryNotFoundException: No se puede encontrar una parte de la ruta de acceso 'C:\Users\Carlos\AppData\Local\Apple Computer\MobileDevice\Provisioning Profiles'.

[2017.06.29-21.33.21:546][  0]LogTemp:Display:    en System.IO.__Error.WinIOError(Int32 errorCode, String maybeFullPath)

[2017.06.29-21.33.21:546][  0]LogTemp:Display:    en System.IO.FileSystemEnumerableIterator`1.CommonInit()

[2017.06.29-21.33.21:546][  0]LogTemp:Display:    en System.IO.Directory.EnumerateFiles(String path, String searchPattern)

[2017.06.29-21.33.21:546][  0]LogTemp:Display:    en iPhonePackager.CodeSignatureBuilder.FindProvisions(String CFBundleIdentifier)

[2017.06.29-21.33.21:546][  0]LogTemp:Display:    en iPhonePackager.Program.Main(String[] args)

[2017.06.29-21.33.21:546][  0]LogUObjectGlobals:Warning: Failed to find object 'Class None.'
[2017.06.29-21.33.22:120][  0]LogContentBrowser: Native class hierarchy updated for 'HierarchicalLODOutliner' in 0.0005 seconds. Added 1 classes and 2 folders.
[2017.06.29-21.33.22:121][  0]LogLoad: (Engine Initialization) Total time: 14.40 seconds
[2017.06.29-21.33.22:121][  0]LogLoad: (Engine Initialization) Total Blueprint compile time: 0.03 seconds
[2017.06.29-21.33.22:121][  0]LogExternalProfiler: Found external profiler: VSPerf
[2017.06.29-21.33.22:121][  0]LogExternalProfiler: Using external profiler: VSPerf
[2017.06.29-21.33.22:460][  0]LogOcInput: OculusInput pre-init called
[2017.06.29-21.33.22:474][  0]LogAssetRegistry: Asset discovery search completed in 8.2268 seconds
[2017.06.29-21.33.22:474][  0]LogCollectionManager: Rebuilt the object cache for 1 collections in 0.000005 seconds (found 0 objects)
[2017.06.29-21.33.22:474][  0]LogCollectionManager: Fixed up redirectors for 1 collections in 0.000014 seconds (updated 0 objects)
[2017.06.29-21.33.22:479][  0]LogContentStreaming: Texture pool size now 1000 MB
[2017.06.29-21.33.22:486][  0]LogSlate: Took 0.000206 seconds to synchronously load lazily loaded font '../../../Engine/Content/Slate/Fonts/Roboto-Bold.ttf' (160K)
[2017.06.29-21.33.22:490][  0]LogSlate: Took 0.000179 seconds to synchronously load lazily loaded font '../../../Engine/Content/Editor/Slate/Fonts/FontAwesome.ttf' (139K)
[2017.06.29-21.33.22:597][  0]LogSlate: Took 0.000279 seconds to synchronously load lazily loaded font '../../../Engine/Content/Slate/Fonts/Roboto-Light.ttf' (159K)
[2017.06.29-21.33.22:637][  0]LogRenderer: Reallocating scene render targets to support 948x556 NumSamples 1 (Frame:2).
[2017.06.29-21.33.23:463][  3]LogSlate: Took 0.000415 seconds to synchronously load lazily loaded font '../../../Engine/Content/Slate/Fonts/Roboto-Light.ttf' (159K)
[2017.06.29-21.33.25:327][182]LogSlate: Took 0.000285 seconds to synchronously load lazily loaded font '../../../Engine/Content/Slate/Fonts/Roboto-Light.ttf' (159K)
[2017.06.29-21.33.28:007][182]LogContentBrowser: Native class hierarchy updated for 'BlueprintGraph' in 0.0007 seconds. Added 112 classes and 0 folders.
[2017.06.29-21.33.30:121][182]LogSlate: Took 0.000243 seconds to synchronously load lazily loaded font '../../../Engine/Content/Slate/Fonts/Roboto-Regular.ttf' (155K)
[2017.06.29-21.33.30:795][182]LogSlate: Took 0.000292 seconds to synchronously load lazily loaded font '../../../Engine/Content/Editor/Slate/Fonts/Roboto-BoldCondensed.ttf' (158K)
[2017.06.29-21.33.30:889][183]LogSlate: Took 0.000301 seconds to synchronously load lazily loaded font '../../../Engine/Content/Editor/Slate/Fonts/Roboto-Italic.ttf' (157K)
[2017.06.29-21.35.05:521][735]LogWindowsTextInputMethodSystem:Display: IME system now deactivated.
[2017.06.29-21.35.06:351][736]Cmd: QUIT_EDITOR
[2017.06.29-21.35.06:398][736]LogExit: Preparing to exit.
[2017.06.29-21.35.06:838][736]LogExit: Editor shut down
[2017.06.29-21.35.06:838][736]LogExit: Transaction tracking system shut down
[2017.06.29-21.35.06:905][736]LogObj: Freed 0b from 0 cluster array pools.
[2017.06.29-21.35.06:905][736]LogExit: Object subsystem successfully closed.
[2017.06.29-21.35.06:924][736]LogD3D11RHI: Shutdown
[2017.06.29-21.35.06:924][736]LogD3D11RHI: CleanupD3DDevice
[2017.06.29-21.35.06:961][736]LogD3D11RHI: ~FD3D11DynamicRHI
[2017.06.29-21.35.06:968][736]LogModuleManager: Shutting down and abandoning module BlueprintGraph (504)
[2017.06.29-21.35.06:968][736]LogModuleManager: Shutting down and abandoning module BlueprintProfiler (502)
[2017.06.29-21.35.06:968][736]LogModuleManager: Shutting down and abandoning module HierarchicalLODOutliner (500)
[2017.06.29-21.35.06:968][736]LogModuleManager: Shutting down and abandoning module ExternalImagePicker (498)
[2017.06.29-21.35.06:968][736]LogModuleManager: Shutting down and abandoning module CrashTracker (496)
[2017.06.29-21.35.06:968][736]LogModuleManager: Shutting down and abandoning module SceneOutliner (494)
[2017.06.29-21.35.06:968][736]LogModuleManager: Shutting down and abandoning module AddContentDialog (492)
[2017.06.29-21.35.06:968][736]LogDirectoryWatcher: A directory notification for 'D:/Epic Games/UE_4.15/FeaturePacks/' was aborted.
[2017.06.29-21.35.06:968][736]LogModuleManager: Shutting down and abandoning module WidgetCarousel (491)
[2017.06.29-21.35.06:968][736]LogModuleManager: Shutting down and abandoning module EditorWidgets (488)
[2017.06.29-21.35.06:968][736]LogModuleManager: Shutting down and abandoning module CollectionManager (486)
[2017.06.29-21.35.06:969][736]LogDirectoryWatcher: A directory notification for 'C:/Users/Carlos/Documents/Unreal Projects/UnrealOculusTFM/Content/Collections/' was aborted.
[2017.06.29-21.35.06:969][736]LogDirectoryWatcher: A directory notification for 'C:/Users/Carlos/Documents/Unreal Projects/UnrealOculusTFM/Content/Developers/Carlos/Collections/' was aborted.
[2017.06.29-21.35.06:969][736]LogDirectoryWatcher: A directory notification for 'C:/Users/Carlos/Documents/Unreal Projects/UnrealOculusTFM/Saved/Collections/' was aborted.
[2017.06.29-21.35.06:969][736]LogModuleManager: Shutting down and abandoning module StatsViewer (484)
[2017.06.29-21.35.06:969][736]LogModuleManager: Shutting down and abandoning module FoliageEdit (482)
[2017.06.29-21.35.06:969][736]LogModuleManager: Shutting down and abandoning module LandscapeEditor (480)
[2017.06.29-21.35.06:969][736]LogModuleManager: Shutting down and abandoning module SceneDepthPickerMode (478)
[2017.06.29-21.35.06:969][736]LogModuleManager: Shutting down and abandoning module ActorPickerMode (476)
[2017.06.29-21.35.06:969][736]LogModuleManager: Shutting down and abandoning module GeometryMode (474)
[2017.06.29-21.35.06:969][736]LogModuleManager: Shutting down and abandoning module TextureAlignMode (472)
[2017.06.29-21.35.06:969][736]LogModuleManager: Shutting down and abandoning module BspMode (470)
[2017.06.29-21.35.06:969][736]LogModuleManager: Shutting down and abandoning module HardwareSurvey (468)
[2017.06.29-21.35.06:969][736]LogModuleManager: Shutting down and abandoning module SequenceRecorderSections (466)
[2017.06.29-21.35.06:969][736]LogModuleManager: Shutting down and abandoning module AutomationWorker (464)
[2017.06.29-21.35.06:969][736]LogModuleManager: Shutting down and abandoning module MatineeToLevelSequence (462)
[2017.06.29-21.35.06:969][736]LogModuleManager: Shutting down and abandoning module LevelSequenceEditor (460)
[2017.06.29-21.35.06:969][736]LogModuleManager: Shutting down and abandoning module PlacementMode (459)
[2017.06.29-21.35.06:969][736]LogModuleManager: Shutting down and abandoning module WmfMediaFactory (456)
[2017.06.29-21.35.06:969][736]LogModuleManager: Shutting down and abandoning module WmfMediaEditor (454)
[2017.06.29-21.35.06:969][736]LogModuleManager: Shutting down and abandoning module MfMediaFactory (452)
[2017.06.29-21.35.06:969][736]LogModuleManager: Shutting down and abandoning module MfMediaEditor (450)
[2017.06.29-21.35.06:969][736]LogModuleManager: Shutting down and abandoning module AvfMediaFactory (448)
[2017.06.29-21.35.06:969][736]LogModuleManager: Shutting down and abandoning module AvfMediaEditor (446)
[2017.06.29-21.35.06:969][736]LogModuleManager: Shutting down and abandoning module AndroidMediaFactory (444)
[2017.06.29-21.35.06:969][736]LogModuleManager: Shutting down and abandoning module Media (443)
[2017.06.29-21.35.06:969][736]LogModuleManager: Shutting down and abandoning module AndroidMediaEditor (440)
[2017.06.29-21.35.06:969][736]LogModuleManager: Shutting down and abandoning module CharacterAI (438)
[2017.06.29-21.35.06:969][736]LogModuleManager: Shutting down and abandoning module AudioCapture (436)
[2017.06.29-21.35.06:969][736]LogModuleManager: Shutting down and abandoning module SequenceRecorder (435)
[2017.06.29-21.35.06:969][736]LogModuleManager: Shutting down and abandoning module SmartSnapping (432)
[2017.06.29-21.35.06:969][736]LogModuleManager: Shutting down and abandoning module SessionServices (430)
[2017.06.29-21.35.06:969][736]LogModuleManager: Shutting down and abandoning module ViewportSnapping (428)
[2017.06.29-21.35.06:969][736]LogModuleManager: Shutting down and abandoning module ViewportInteraction (426)
[2017.06.29-21.35.06:969][736]LogModuleManager: Shutting down and abandoning module LogVisualizer (424)
[2017.06.29-21.35.06:969][736]LogModuleManager: Shutting down and abandoning module IntroTutorials (422)
[2017.06.29-21.35.06:969][736]LogModuleManager: Shutting down and abandoning module GameProjectGeneration (421)
[2017.06.29-21.35.06:969][736]LogModuleManager: Shutting down and abandoning module EditorLiveStreaming (418)
[2017.06.29-21.35.06:969][736]LogModuleManager: Shutting down and abandoning module IOSPlatformEditor (416)
[2017.06.29-21.35.06:969][736]LogModuleManager: Shutting down and abandoning module HTML5PlatformEditor (414)
[2017.06.29-21.35.06:969][736]LogModuleManager: Shutting down and abandoning module AndroidPlatformEditor (412)
[2017.06.29-21.35.06:969][736]LogModuleManager: Shutting down and abandoning module AndroidDeviceDetection (411)
[2017.06.29-21.35.07:668][736]LogModuleManager: Shutting down and abandoning module IOSRuntimeSettings (408)
[2017.06.29-21.35.07:669][736]LogModuleManager: Shutting down and abandoning module AndroidRuntimeSettings (406)
[2017.06.29-21.35.07:669][736]LogModuleManager: Shutting down and abandoning module InputBindingEditor (404)
[2017.06.29-21.35.07:669][736]LogModuleManager: Shutting down and abandoning module NiagaraEditor (402)
[2017.06.29-21.35.07:669][736]LogModuleManager: Shutting down and abandoning module MergeActors (400)
[2017.06.29-21.35.07:669][736]LogModuleManager: Shutting down and abandoning module SizeMap (398)
[2017.06.29-21.35.07:669][736]LogModuleManager: Shutting down and abandoning module TreeMap (396)
[2017.06.29-21.35.07:669][736]LogModuleManager: Shutting down and abandoning module ReferenceViewer (394)
[2017.06.29-21.35.07:669][736]LogModuleManager: Shutting down and abandoning module LocalizationDashboard (392)
[2017.06.29-21.35.07:669][736]LogModuleManager: Shutting down and abandoning module LocalizationService (391)
[2017.06.29-21.35.07:669][736]LogModuleManager: Shutting down and abandoning module HardwareTargeting (388)
[2017.06.29-21.35.07:669][736]LogModuleManager: Shutting down and abandoning module DeviceProfileEditor (386)
[2017.06.29-21.35.07:669][736]LogModuleManager: Shutting down and abandoning module UndoHistory (384)
[2017.06.29-21.35.07:669][736]LogModuleManager: Shutting down and abandoning module UserFeedback (382)
[2017.06.29-21.35.07:669][736]LogModuleManager: Shutting down and abandoning module XmlParser (380)
[2017.06.29-21.35.07:669][736]LogModuleManager: Shutting down and abandoning module Blutility (378)
[2017.06.29-21.35.07:669][736]LogModuleManager: Shutting down and abandoning module ProjectSettingsViewer (376)
[2017.06.29-21.35.07:669][736]LogModuleManager: Shutting down and abandoning module ProjectTargetPlatformEditor (375)
[2017.06.29-21.35.07:669][736]LogModuleManager: Shutting down and abandoning module EditorSettingsViewer (372)
[2017.06.29-21.35.07:669][736]LogModuleManager: Shutting down and abandoning module SettingsEditor (370)
[2017.06.29-21.35.07:669][736]LogModuleManager: Shutting down and abandoning module ProjectLauncher (368)
[2017.06.29-21.35.07:669][736]LogModuleManager: Shutting down and abandoning module SessionFrontend (366)
[2017.06.29-21.35.07:669][736]LogModuleManager: Shutting down and abandoning module ProfilerClient (364)
[2017.06.29-21.35.07:669][736]LogModuleManager: Shutting down and abandoning module DeviceManager (362)
[2017.06.29-21.35.07:669][736]LogModuleManager: Shutting down and abandoning module TargetDeviceServices (361)
[2017.06.29-21.35.07:722][736]LogModuleManager: Shutting down and abandoning module AutomationController (358)
[2017.06.29-21.35.07:722][736]LogModuleManager: Shutting down and abandoning module AutomationWindow (356)
[2017.06.29-21.35.07:722][736]LogModuleManager: Shutting down and abandoning module Layers (354)
[2017.06.29-21.35.07:722][736]LogModuleManager: Shutting down and abandoning module ComponentVisualizers (352)
[2017.06.29-21.35.07:722][736]LogModuleManager: Shutting down and abandoning module DetailCustomizations (350)
[2017.06.29-21.35.07:722][736]LogModuleManager: Shutting down and abandoning module PackagesDialog (348)
[2017.06.29-21.35.07:722][736]LogModuleManager: Shutting down and abandoning module Persona (346)
[2017.06.29-21.35.07:722][736]LogModuleManager: Shutting down and abandoning module AnimGraph (345)
[2017.06.29-21.35.07:722][736]LogModuleManager: Shutting down and abandoning module Kismet (342)
[2017.06.29-21.35.07:727][736]LogModuleManager: Shutting down and abandoning module GraphEditor (340)
[2017.06.29-21.35.07:727][736]LogModuleManager: Shutting down and abandoning module ClassViewer (338)
[2017.06.29-21.35.07:727][736]LogModuleManager: Shutting down and abandoning module Toolbox (336)
[2017.06.29-21.35.07:727][736]LogModuleManager: Shutting down and abandoning module ModuleUI (334)
[2017.06.29-21.35.07:727][736]LogModuleManager: Shutting down and abandoning module MovieSceneTools (332)
[2017.06.29-21.35.07:727][736]LogModuleManager: Shutting down and abandoning module OutputLog (330)
[2017.06.29-21.35.07:727][736]LogModuleManager: Shutting down and abandoning module GammaUI (328)
[2017.06.29-21.35.07:727][736]LogModuleManager: Shutting down and abandoning module Documentation (326)
[2017.06.29-21.35.07:727][736]LogModuleManager: Shutting down and abandoning module Niagara (324)
[2017.06.29-21.35.07:727][736]LogModuleManager: Shutting down and abandoning module StreamingPauseRendering (322)
[2017.06.29-21.35.07:727][736]LogModuleManager: Shutting down and abandoning module AnalyticsET (320)
[2017.06.29-21.35.07:727][736]LogModuleManager: Shutting down and abandoning module PortalServices (318)
[2017.06.29-21.35.07:727][736]LogModuleManager: Shutting down and abandoning module PortalRpc (316)
[2017.06.29-21.35.07:727][736]LogModuleManager: Shutting down and abandoning module MessagingRpc (314)
[2017.06.29-21.35.07:727][736]LogModuleManager: Shutting down and abandoning module AIModule (312)
[2017.06.29-21.35.07:727][736]LogModuleManager: Shutting down and abandoning module GameplayDebugger (311)
[2017.06.29-21.35.07:727][736]LogModuleManager: Shutting down and abandoning module AITestSuite (309)
[2017.06.29-21.35.07:727][736]LogModuleManager: Shutting down and abandoning module ProfilerService (306)
[2017.06.29-21.35.07:793][736]LogModuleManager: Shutting down and abandoning module TaskGraph (304)
[2017.06.29-21.35.07:793][736]LogModuleManager: Shutting down and abandoning module SteamVRController (302)
[2017.06.29-21.35.07:793][736]LogModuleManager: Shutting down and abandoning module SteamVR (300)
[2017.06.29-21.35.07:793][736]LogModuleManager: Shutting down and abandoning module ProceduralMeshComponentEditor (298)
[2017.06.29-21.35.07:793][736]LogModuleManager: Shutting down and abandoning module ProceduralMeshComponent (296)
[2017.06.29-21.35.07:793][736]LogModuleManager: Shutting down and abandoning module OculusLibrary (294)
[2017.06.29-21.35.07:793][736]LogModuleManager: Shutting down and abandoning module OculusInput (292)
[2017.06.29-21.35.07:793][736]LogModuleManager: Shutting down and abandoning module MobilePatchingUtils (290)
[2017.06.29-21.35.07:793][736]LogModuleManager: Shutting down and abandoning module CustomMeshComponent (288)
[2017.06.29-21.35.07:793][736]LogModuleManager: Shutting down and abandoning module CableComponent (286)
[2017.06.29-21.35.07:793][736]LogModuleManager: Shutting down and abandoning module ArchVisCharacter (284)
[2017.06.29-21.35.07:793][736]LogModuleManager: Shutting down and abandoning module MediaPlayerEditor (280)
[2017.06.29-21.35.07:793][736]LogModuleManager: Shutting down and abandoning module HTML5Networking (278)
[2017.06.29-21.35.07:793][736]LogModuleManager: Shutting down and abandoning module AlembicImporter (276)
[2017.06.29-21.35.07:793][736]LogModuleManager: Shutting down and abandoning module AlembicLibrary (275)
[2017.06.29-21.35.07:793][736]LogModuleManager: Shutting down and abandoning module GeometryCache (274)
[2017.06.29-21.35.07:793][736]LogModuleManager: Shutting down and abandoning module GeometryCacheEd (273)
[2017.06.29-21.35.07:793][736]LogModuleManager: Shutting down and abandoning module SuperSearchEditor (268)
[2017.06.29-21.35.07:793][736]LogModuleManager: Shutting down and abandoning module SuperSearch (267)
[2017.06.29-21.35.07:793][736]LogModuleManager: Shutting down and abandoning module SpeedTreeImporter (264)
[2017.06.29-21.35.07:793][736]LogModuleManager: Shutting down and abandoning module PluginBrowser (262)
[2017.06.29-21.35.07:793][736]LogModuleManager: Shutting down and abandoning module MobileLauncherProfileWizard (260)
[2017.06.29-21.35.07:793][736]LogModuleManager: Shutting down and abandoning module EpicSurvey (258)
[2017.06.29-21.35.07:793][736]LogModuleManager: Shutting down and abandoning module VisualStudioSourceCodeAccess (256)
[2017.06.29-21.35.07:794][736]LogModuleManager: Shutting down and abandoning module DesktopPlatform (255)
[2017.06.29-21.35.07:794][736]LogModuleManager: Shutting down and abandoning module UObjectPlugin (252)
[2017.06.29-21.35.07:794][736]LogModuleManager: Shutting down and abandoning module SubversionSourceControl (250)
[2017.06.29-21.35.07:794][736]LogModuleManager: Shutting down and abandoning module PerforceSourceControl (248)
[2017.06.29-21.35.07:794][736]LogModuleManager: Shutting down and abandoning module GitSourceControl (246)
[2017.06.29-21.35.07:794][736]LogModuleManager: Shutting down and abandoning module SourceControl (245)
[2017.06.29-21.35.07:794][736]LogModuleManager: Shutting down and abandoning module LightPropagationVolumeEditor (242)
[2017.06.29-21.35.07:794][736]LogModuleManager: Shutting down and abandoning module PaperTiledImporter (240)
[2017.06.29-21.35.07:794][736]LogModuleManager: Shutting down and abandoning module PaperSpriteSheetImporter (238)
[2017.06.29-21.35.07:794][736]LogModuleManager: Shutting down and abandoning module Paper2DEditor (236)
[2017.06.29-21.35.07:794][736]LogModuleManager: Shutting down and abandoning module MeshPaint (235)
[2017.06.29-21.35.07:794][736]LogModuleManager: Shutting down and abandoning module LevelEditor (233)
[2017.06.29-21.35.07:794][736]LogModuleManager: Shutting down and abandoning module PixelInspectorModule (232)
[2017.06.29-21.35.07:794][736]LogModuleManager: Shutting down and abandoning module MainFrame (230)
[2017.06.29-21.35.07:794][736]LogModuleManager: Shutting down and abandoning module HotReload (229)
[2017.06.29-21.35.07:795][736]LogModuleManager: Shutting down and abandoning module ContentBrowser (225)
[2017.06.29-21.35.07:796][736]LogModuleManager: Shutting down and abandoning module PhysXVehiclesEditor (222)
[2017.06.29-21.35.07:796][736]LogModuleManager: Shutting down and abandoning module PhysXVehicles (220)
[2017.06.29-21.35.07:796][736]LogModuleManager: Shutting down and abandoning module LocationServicesBPLibrary (218)
[2017.06.29-21.35.07:796][736]LogModuleManager: Shutting down and abandoning module UdpMessaging (216)
[2017.06.29-21.35.07:897][736]LogModuleManager: Shutting down and abandoning module TcpMessaging (214)
[2017.06.29-21.35.07:997][736]LogModuleManager: Shutting down and abandoning module GameplayTagsEditor (212)
[2017.06.29-21.35.07:997][736]LogModuleManager: Shutting down and abandoning module FacialAnimationEditor (210)
[2017.06.29-21.35.07:997][736]LogModuleManager: Shutting down and abandoning module FacialAnimation (208)
[2017.06.29-21.35.07:997][736]LogModuleManager: Shutting down and abandoning module LightPropagationVolumeRuntime (206)
[2017.06.29-21.35.07:997][736]LogModuleManager: Shutting down and abandoning module Paper2D (204)
[2017.06.29-21.35.07:997][736]LogModuleManager: Shutting down and abandoning module WindowsMoviePlayer (202)
[2017.06.29-21.35.07:997][736]LogModuleManager: Shutting down and abandoning module WmfMedia (200)
[2017.06.29-21.35.07:997][736]LogModuleManager: Shutting down and abandoning module MfMedia (198)
[2017.06.29-21.35.07:997][736]LogModuleManager: Shutting down and abandoning module MediaAssets (196)
[2017.06.29-21.35.07:997][736]LogModuleManager: Shutting down and abandoning module GameLiveStreaming (194)
[2017.06.29-21.35.07:997][736]LogModuleManager: Shutting down and abandoning module VREditor (192)
[2017.06.29-21.35.07:997][736]LogModuleManager: Shutting down and abandoning module GameplayTasksEditor (190)
[2017.06.29-21.35.07:997][736]LogModuleManager: Shutting down and abandoning module BehaviorTreeEditor (188)
[2017.06.29-21.35.07:997][736]LogModuleManager: Shutting down and abandoning module FunctionalTesting (186)
[2017.06.29-21.35.07:997][736]LogModuleManager: Shutting down and abandoning module CollisionAnalyzer (184)
[2017.06.29-21.35.07:997][736]LogModuleManager: Shutting down and abandoning module UMG (182)
[2017.06.29-21.35.07:997][736]LogModuleManager: Shutting down and abandoning module UMGEditor (181)
[2017.06.29-21.35.07:997][736]LogModuleManager: Shutting down and abandoning module Sequencer (180)
[2017.06.29-21.35.07:997][736]LogModuleManager: Shutting down and abandoning module AssetTools (178)
[2017.06.29-21.35.07:997][736]LogModuleManager: Shutting down and abandoning module MessageLog (177)
[2017.06.29-21.35.07:997][736]LogModuleManager: Shutting down and abandoning module WorkspaceMenuStructure (176)
[2017.06.29-21.35.07:997][736]LogModuleManager: Shutting down and abandoning module SlateReflector (170)
[2017.06.29-21.35.07:997][736]LogModuleManager: Shutting down and abandoning module Slate (168)
[2017.06.29-21.35.07:997][736]LogModuleManager: Shutting down and abandoning module EditorStyle (166)
[2017.06.29-21.35.07:998][736]LogModuleManager: Shutting down and abandoning module SourceCodeAccess (164)
[2017.06.29-21.35.07:998][736]LogModuleManager: Shutting down and abandoning module HeadMountedDisplay (162)
[2017.06.29-21.35.07:998][736]LogModuleManager: Shutting down and abandoning module XAudio2 (160)
[2017.06.29-21.35.07:998][736]LogModuleManager: Shutting down and abandoning module Networking (158)
[2017.06.29-21.35.07:998][736]LogModuleManager: Shutting down and abandoning module Core (154)
[2017.06.29-21.35.07:998][736]LogModuleManager: Shutting down and abandoning module AssetRegistry (152)
[2017.06.29-21.35.08:059][736]LogDirectoryWatcher: A directory notification for '../../../Engine/Content/' was aborted.
[2017.06.29-21.35.08:059][736]LogDirectoryWatcher: A directory notification for 'C:/Users/Carlos/Documents/Unreal Projects/UnrealOculusTFM/Content/' was aborted.
[2017.06.29-21.35.08:059][736]LogDirectoryWatcher: A directory notification for '../../../Engine/Plugins/2D/Paper2D/Content/' was aborted.
[2017.06.29-21.35.08:059][736]LogModuleManager: Shutting down and abandoning module DirectoryWatcher (151)
[2017.06.29-21.35.08:060][736]LogModuleManager: Shutting down and abandoning module KismetCompiler (148)
[2017.06.29-21.35.08:060][736]LogModuleManager: Shutting down and abandoning module PhysXFormats (146)
[2017.06.29-21.35.08:060][736]LogModuleManager: Shutting down and abandoning module MeshUtilities (144)
[2017.06.29-21.35.08:060][736]LogModuleManager: Shutting down and abandoning module SimplygonSwarm (143)
[2017.06.29-21.35.08:060][736]LogModuleManager: Shutting down and abandoning module SimplygonMeshReduction (141)
[2017.06.29-21.35.08:060][736]LogModuleManager: Shutting down and abandoning module QuadricMeshReduction (139)
[2017.06.29-21.35.08:060][736]LogModuleManager: Shutting down and abandoning module PropertyEditor (137)
[2017.06.29-21.35.08:060][736]LogModuleManager: Shutting down and abandoning module DerivedDataCache (134)
[2017.06.29-21.35.08:436][736]LogDerivedDataCache: Shutdown
[2017.06.29-21.35.08:436][736]LogModuleManager: Shutting down and abandoning module TargetPlatform (132)
[2017.06.29-21.35.08:436][736]LogModuleManager: Shutting down and abandoning module VulkanShaderFormat (131)
[2017.06.29-21.35.08:436][736]LogModuleManager: Shutting down and abandoning module ShaderFormatOpenGL (129)
[2017.06.29-21.35.08:436][736]LogModuleManager: Shutting down and abandoning module ShaderFormatD3D (127)
[2017.06.29-21.35.08:436][736]LogModuleManager: Shutting down and abandoning module MetalShaderFormat (125)
[2017.06.29-21.35.08:436][736]LogModuleManager: Shutting down and abandoning module TextureFormatUncompressed (123)
[2017.06.29-21.35.08:436][736]LogModuleManager: Shutting down and abandoning module TextureFormatPVR (121)
[2017.06.29-21.35.08:436][736]LogModuleManager: Shutting down and abandoning module TextureFormatDXT (119)
[2017.06.29-21.35.08:436][736]LogModuleManager: Shutting down and abandoning module TextureFormatIntelISPCTexComp (117)
[2017.06.29-21.35.08:436][736]LogModuleManager: Shutting down and abandoning module TextureFormatASTC (115)
[2017.06.29-21.35.08:436][736]LogModuleManager: Shutting down and abandoning module ImageWrapper (114)
[2017.06.29-21.35.08:436][736]LogModuleManager: Shutting down and abandoning module TextureFormatAndroid (111)
[2017.06.29-21.35.08:436][736]LogModuleManager: Shutting down and abandoning module AudioFormatOpus (109)
[2017.06.29-21.35.08:436][736]LogModuleManager: Shutting down and abandoning module AudioFormatOgg (107)
[2017.06.29-21.35.08:436][736]LogModuleManager: Shutting down and abandoning module AudioFormatADPCM (105)
[2017.06.29-21.35.08:436][736]LogModuleManager: Shutting down and abandoning module LinuxTargetPlatform (103)
[2017.06.29-21.35.08:436][736]LogModuleManager: Shutting down and abandoning module LinuxServerTargetPlatform (101)
[2017.06.29-21.35.08:436][736]LogModuleManager: Shutting down and abandoning module LinuxNoEditorTargetPlatform (99)
[2017.06.29-21.35.08:436][736]LogModuleManager: Shutting down and abandoning module LinuxClientTargetPlatform (97)
[2017.06.29-21.35.08:436][736]LogModuleManager: Shutting down and abandoning module TVOSTargetPlatform (95)
[2017.06.29-21.35.08:436][736]LogModuleManager: Shutting down and abandoning module Messaging (93)
[2017.06.29-21.35.08:436][736]LogModuleManager: Shutting down and abandoning module IOSTargetPlatform (91)
[2017.06.29-21.35.08:436][736]LogModuleManager: Shutting down and abandoning module HTML5TargetPlatform (89)
[2017.06.29-21.35.08:436][736]LogModuleManager: Shutting down and abandoning module Android_PVRTCTargetPlatform (87)
[2017.06.29-21.35.08:436][736]LogModuleManager: Shutting down and abandoning module Android_MultiTargetPlatform (85)
[2017.06.29-21.35.08:436][736]LogModuleManager: Shutting down and abandoning module Android_ETC2TargetPlatform (83)
[2017.06.29-21.35.08:436][736]LogModuleManager: Shutting down and abandoning module Android_ETC1TargetPlatform (81)
[2017.06.29-21.35.08:436][736]LogModuleManager: Shutting down and abandoning module Android_DXTTargetPlatform (79)
[2017.06.29-21.35.08:436][736]LogModuleManager: Shutting down and abandoning module Android_ATCTargetPlatform (77)
[2017.06.29-21.35.08:436][736]LogModuleManager: Shutting down and abandoning module Android_ASTCTargetPlatform (75)
[2017.06.29-21.35.08:436][736]LogModuleManager: Shutting down and abandoning module AndroidTargetPlatform (73)
[2017.06.29-21.35.08:436][736]LogModuleManager: Shutting down and abandoning module WindowsTargetPlatform (71)
[2017.06.29-21.35.08:436][736]LogModuleManager: Shutting down and abandoning module WindowsServerTargetPlatform (69)
[2017.06.29-21.35.08:436][736]LogModuleManager: Shutting down and abandoning module WindowsNoEditorTargetPlatform (67)
[2017.06.29-21.35.08:436][736]LogModuleManager: Shutting down and abandoning module WindowsClientTargetPlatform (65)
[2017.06.29-21.35.08:436][736]LogModuleManager: Shutting down and abandoning module MacTargetPlatform (63)
[2017.06.29-21.35.08:436][736]LogModuleManager: Shutting down and abandoning module MacServerTargetPlatform (61)
[2017.06.29-21.35.08:436][736]LogModuleManager: Shutting down and abandoning module MacNoEditorTargetPlatform (59)
[2017.06.29-21.35.08:436][736]LogModuleManager: Shutting down and abandoning module MacClientTargetPlatform (57)
[2017.06.29-21.35.08:436][736]LogModuleManager: Shutting down and abandoning module AllDesktopTargetPlatform (55)
[2017.06.29-21.35.08:436][736]LogModuleManager: Shutting down and abandoning module InputCore (52)
[2017.06.29-21.35.08:436][736]LogModuleManager: Shutting down and abandoning module Settings (50)
[2017.06.29-21.35.08:436][736]LogModuleManager: Shutting down and abandoning module OculusRift (48)
[2017.06.29-21.35.08:436][736]LogModuleManager: Shutting down and abandoning module GearVR (46)
[2017.06.29-21.35.08:436][736]LogModuleManager: Shutting down and abandoning module ExampleDeviceProfileSelector (44)
[2017.06.29-21.35.08:436][736]LogModuleManager: Shutting down and abandoning module OnlineBlueprintSupport (42)
[2017.06.29-21.35.08:436][736]LogModuleManager: Shutting down and abandoning module OnlineSubsystem (38)
[2017.06.29-21.35.08:436][736]LogOnline:Display: Unloading online subsystem: NULL
[2017.06.29-21.35.08:436][736]LogModuleManager: Shutting down and abandoning module XMPP (37)
[2017.06.29-21.35.08:436][736]LogModuleManager: Shutting down and abandoning module HTTP (35)
[2017.06.29-21.35.08:436][736]LogHttp:Display: Http module shutting down, but needs to wait on 1 outstanding Http requests:
[2017.06.29-21.35.08:436][736]LogHttp:Display: 	verb=[POST] url=[https://datarouter.ol.epicgames.com/datarouter/api/v1/public/data?SessionID=%7BC1D8DC49-4764-7216-AE98-658C51C8E9A1%7D&AppID=UEEditor.Rocket.Release&AppVersion=4.15.3-3450819%2B%2B%2BUE4%2BRelease-4.15&UserID=8371c91447002a950b7b23b405aa991a%7C51cf4b5ba3b44eb8b924f0fc0f9e19c4%7C79c400b3-60a8-49ab-b6d2-2354df5a333a&AppEnvironment=datacollector-binary&UploadType=eteventstream] status=Processing
[2017.06.29-21.35.08:457][736]LogModuleManager: Shutting down and abandoning module SSL (34)
[2017.06.29-21.35.08:458][736]LogModuleManager: Shutting down and abandoning module AudioEditor (30)
[2017.06.29-21.35.08:458][736]LogModuleManager: Shutting down and abandoning module TextureCompressor (28)
[2017.06.29-21.35.08:459][736]LogModuleManager: Shutting down and abandoning module ShaderCore (26)
[2017.06.29-21.35.08:459][736]LogModuleManager: Shutting down and abandoning module Landscape (24)
[2017.06.29-21.35.08:459][736]LogModuleManager: Shutting down and abandoning module SlateRHIRenderer (22)
[2017.06.29-21.35.08:460][736]LogModuleManager: Shutting down and abandoning module OpenGLDrv (20)
[2017.06.29-21.35.08:460][736]LogModuleManager: Shutting down and abandoning module D3D11RHI (18)
[2017.06.29-21.35.08:460][736]LogModuleManager: Shutting down and abandoning module AnimGraphRuntime (16)
[2017.06.29-21.35.08:460][736]LogModuleManager: Shutting down and abandoning module Renderer (14)
[2017.06.29-21.35.08:460][736]LogModuleManager: Shutting down and abandoning module Engine (12)
[2017.06.29-21.35.08:460][736]LogModuleManager: Shutting down and abandoning module CoreUObject (10)
[2017.06.29-21.35.08:460][736]LogModuleManager: Shutting down and abandoning module NetworkFile (8)
[2017.06.29-21.35.08:460][736]LogModuleManager: Shutting down and abandoning module StreamingFile (6)
[2017.06.29-21.35.08:460][736]LogModuleManager: Shutting down and abandoning module SandboxFile (4)
[2017.06.29-21.35.08:460][736]LogModuleManager: Shutting down and abandoning module PakFile (2)
[2017.06.29-21.35.08:461][736]LogExit: Exiting.
[2017.06.29-21.35.08:463][736]Log file closed, 06/29/17 23:35:08
